2025-09-13 12:35:34.462: [INFO] VisibilityChanged: 0
2025-09-13 12:35:34.552: [INFO] RecordSyncInitDuration has_sync_been_enabled: 0 state: 0
2025-09-13 12:35:34.553: [INFO] RecordSyncInitDuration has_sync_been_enabled: 0 state: 0
2025-09-13 12:35:34.554: [INFO] RecordSyncInitDuration has_sync_been_enabled: 0 state: 0
2025-09-13 12:35:34.556: [INFO] RecordSyncInitDuration has_sync_been_enabled: 0 state: 0
2025-09-13 12:35:34.556: [INFO] RecordSyncInitDuration has_sync_been_enabled: 0 state: 0
2025-09-13 12:35:34.557: [INFO] RecordSyncInitDuration has_sync_been_enabled: 0 state: 0
2025-09-13 12:35:34.558: [INFO] RecordSyncInitDuration has_sync_been_enabled: 0 state: 0
2025-09-13 12:35:34.559: [INFO] RecordSyncInitDuration has_sync_been_enabled: 0 state: 0
2025-09-13 12:35:34.560: [INFO] RecordSyncInitDuration has_sync_been_enabled: 0 state: 0
2025-09-13 12:35:34.561: [INFO] RecordSyncInitDuration has_sync_been_enabled: 0 state: 0
2025-09-13 12:35:34.562: [INFO] RecordSyncInitDuration has_sync_been_enabled: 0 state: 0
2025-09-13 12:35:34.570: [INFO] BookmarkModelLoaded, ids_reassigned: 0
2025-09-13 12:35:34.570: [INFO] OnDoneLoading sync enabled: 0
2025-09-13 12:35:34.574: [INFO] RecordSyncInitDuration has_sync_been_enabled: 0 state: 0
2025-09-13 12:35:34.825: [INFO] RecordSyncInitDuration has_sync_been_enabled: 0 state: 3
2025-09-13 12:35:34.841: [INFO] Primary account changed.
2025-09-13 12:35:34.841: [INFO] OnPrimaryAccountChanged PrimaryAccountChangeEvent::Type::kSet
2025-09-13 12:35:34.846: [INFO] RecordSyncInitDuration has_sync_been_enabled: 0 state: 3
2025-09-13 12:35:35.019: [INFO] RecordSyncInitDuration has_sync_been_enabled: 0 state: 3
2025-09-13 12:35:38.084: [INFO] VisibilityChanged: 1
2025-09-13 12:35:38.351: [INFO] BookmarkNodeAdded, ABU: 0
2025-09-13 12:35:38.353: [INFO] BookmarkNodeAdded, ABU: 0
2025-09-13 12:35:38.353: [INFO] BookmarkNodeAdded, ABU: 0
2025-09-13 12:35:38.353: [INFO] BookmarkNodeAdded, ABU: 0
2025-09-13 12:35:38.353: [INFO] BookmarkNodeAdded, ABU: 0
2025-09-13 12:35:38.353: [INFO] BookmarkNodeAdded, ABU: 0
2025-09-13 12:35:38.358: [INFO] BookmarkNodeAdded, ABU: 0
2025-09-13 12:35:38.358: [INFO] BookmarkNodeAdded, ABU: 0
2025-09-13 12:35:38.358: [INFO] BookmarkNodeAdded, ABU: 0
2025-09-13 12:35:38.359: [INFO] BookmarkNodeAdded, ABU: 0
2025-09-13 12:35:38.359: [INFO] BookmarkNodeAdded, ABU: 0
2025-09-13 12:35:38.359: [INFO] BookmarkNodeAdded, ABU: 0
2025-09-13 12:35:38.359: [INFO] BookmarkNodeAdded, ABU: 0
2025-09-13 12:35:38.359: [INFO] BookmarkNodeAdded, ABU: 0
2025-09-13 12:35:38.359: [INFO] BookmarkNodeAdded, ABU: 0
2025-09-13 12:35:38.360: [INFO] BookmarkNodeAdded, ABU: 0
2025-09-13 12:35:38.360: [INFO] BookmarkNodeAdded, ABU: 0
2025-09-13 12:35:38.360: [INFO] BookmarkNodeAdded, ABU: 0
2025-09-13 12:35:38.360: [INFO] BookmarkNodeAdded, ABU: 0
2025-09-13 12:35:38.360: [INFO] BookmarkNodeAdded, ABU: 0
2025-09-13 12:35:38.360: [INFO] BookmarkNodeAdded, ABU: 0
2025-09-13 12:35:38.360: [INFO] BookmarkNodeAdded, ABU: 0
2025-09-13 12:35:38.360: [INFO] BookmarkNodeAdded, ABU: 0
2025-09-13 12:35:38.361: [INFO] BookmarkNodeAdded, ABU: 0
2025-09-13 12:35:38.361: [INFO] BookmarkNodeAdded, ABU: 0
2025-09-13 12:35:38.361: [INFO] BookmarkNodeAdded, ABU: 0
2025-09-13 12:35:38.361: [INFO] BookmarkNodeAdded, ABU: 0
2025-09-13 12:35:38.361: [INFO] BookmarkNodeAdded, ABU: 0
2025-09-13 12:35:38.361: [INFO] BookmarkNodeAdded, ABU: 0
2025-09-13 12:35:38.361: [INFO] BookmarkNodeAdded, ABU: 0
2025-09-13 12:35:39.768: [INFO] Sync initialization duration: 4492ms
2025-09-13 12:36:56.950: [INFO] VisibilityChanged: 0
2025-09-13 12:40:32.528: [INFO] OnDoneLoading sync enabled: 1
2025-09-13 12:40:40.046: [INFO] Sync initialization duration: 1026ms
2025-09-13 12:40:57.615: [INFO] VisibilityChanged: 0
2025-09-13 12:44:18.689: [INFO] OnDoneLoading sync enabled: 1
2025-09-13 12:44:25.343: [INFO] Sync initialization duration: 1288ms
2025-09-13 12:45:12.271: [INFO] VisibilityChanged: 0
