{"logTime": "0913/123536", "correlationVector":"+pKxEMEbcrFrwYQGIQ3oHl.1","action":"SyncServerConnectionManagerRequest", "result":"SYNC_SERVER_OK", "context":{"environment":"Prod_southeastasia_prod-s01-065-apac-southeastasia", "migrationStage":"NotStarted", "server":"akswtt10200000b"}}
{"logTime": "0913/123536", "correlationVector":"+pKxEMEbcrFrwYQGIQ3oHl.2","action":"ProcessGetUpdates", "result":"Done", "context":{"dataType":"Encryption Keys", "deleted":"0", "process_failed_to_decrypt":"0", "process_pending_decryption":"0", "process_success":"1", "total":"1"}}
{"logTime": "0913/123537", "correlationVector":"f0AtBPdkEmdY2zjoM4zDiY","action":"SyncServerConnectionManagerRequest", "result":"SYNC_SERVER_OK", "context":{"environment":"", "migrationStage":"", "server":""}}
{"logTime": "0913/123537", "correlationVector":"f0AtBPdkEmdY2zjoM4zDiY.0","action":"EncryptionKeysFetcher.DownloadKeys:", "result":"Success", "context":Key count: 10, Last key timestamp: 2025-04-28T05:34:38Z}
{"logTime": "0913/123537", "correlationVector":"f0AtBPdkEmdY2zjoM4zDiY.1","action":"EncryptionKeysManager::SetEncryptionKeys:", "result":"Success", "context":Key names[10]:[EDOVGNWdwoKfos2R0+r6CUc9U4jqeOkTcicGPLZIJ/tEgfFyHQoZsL/dn7qcxbnvGXwt45M9HlBNNLKtUc6aTg==][FVKe5f1rKcWVVdJLzxeH2BZC+0JPy+z+53NJAZCwX284phpL9xgV8Tpgx+dX9zSyueQzLOImVEwjGgERCmNOJA==][l7Q2LWhPR2pS3xfx62IjODWH+ihqOaZLjhzi7NbKQ9s/uGLwaf7hOOba2nvrz2KZXwcOWsr24AoRke9dP2urKw==][0c/sfDtJOtXJBzQbyZOlxG3g95APrFW7rJlEvYw8AWScX3b6Um7d5TbdH4rgCWU2PDJFHSbHeVUS99GGJ5xUFg==][7MpZf2gYJu2dDLYHLHMkffuH41ZWq3MN388fukiYEgqG04LzvfZHUxnNGZF+0Si9vZ0j8tpFzNjQWXOcos/CWA==][drNjT+ef1oyo3LLg7WAyyacaWgELO4SKFLQ+kq32RsZ1qRuKexrTE4SOSQjfFtjhlP5NDTVefPBdPhbJVgVAZA==][Y4Begg7EPy9E9XiHCpRVoJCZXE2s+JJlyG/ONaHZ/Abl6LkFvABCs2YBtkNRLx17ifd7YxT/4SaVr8ZHvw7+CQ==][44D7dJ/w/7Vp1zeiJHPne1ml0dFQO85UIxnOs/1uVOwm8IgcQnU3lZMwruMLqV2TWLU66Mv0reTn/PH2Iy3lpw==][8aXo2cn8dfA5NLvwufIMOdu3PzCu0yirBiBrhohe5CLrLDWQLjz1cctajO3xL5wNCBceGN1rwI5bS5JdsfzVkA==][2Q8mCkIiOnCKq1ZJFjEOMKG0vzfpPdaH596k7Zg6f0aUdCON2qLC6ZREyfRqdUCV4zSAFvqklf4agAI0rPwOjw==]}
{"logTime": "0913/123537", "correlationVector":"f0AtBPdkEmdY2zjoM4zDiY.2","action":"EncryptionKeysManager::SetEncryptionKeysWithTimestamps:", "result":"Success", "context":Key timestamps[10]:[2020-12-11T16:38:08Z][2021-06-11T01:28:03Z][2021-12-08T04:50:25Z][2022-06-20T10:05:04Z][2022-12-22T03:55:27Z][2023-06-24T11:26:46Z][2023-12-21T12:07:25Z][2024-09-13T05:09:20Z][2024-10-27T07:09:39Z][2025-04-28T05:34:38Z]}
{"logTime": "0913/123537", "correlationVector":"+pKxEMEbcrFrwYQGIQ3oHl","action":"Initial GetUpdates", "result":"", "context":Reason: NEW_CLIENT. cV=+pKxEMEbcrFrwYQGIQ3oHl}
{"logTime": "0913/123537", "correlationVector":"+pKxEMEbcrFrwYQGIQ3oHl.3","action":"GetUpdates Response", "result":"Success", "context":Received 1 update(s). cV=+pKxEMEbcrFrwYQGIQ3oHl.0;server=akswtt10200000b;cloudType=Consumer;environment=Prod_southeastasia_prod-s01-065-apac-southeastasia;migrationStage=NotStarted}
{"logTime": "0913/123537", "correlationVector":"RYckD9zuKqWZbW+wf/lIuN","action":"Initial GetUpdates", "result":"", "context":Reason: NEWLY_SUPPORTED_DATATYPE. cV=RYckD9zuKqWZbW+wf/lIuN}
{"logTime": "0913/123537", "correlationVector":"RYckD9zuKqWZbW+wf/lIuN.1","action":"SyncServerConnectionManagerRequest", "result":"SYNC_SERVER_OK", "context":{"environment":"Prod_southeastasia_prod-s01-065-apac-southeastasia", "migrationStage":"NotStarted", "server":"akswtt10200000o"}}
{"logTime": "0913/123537", "correlationVector":"RYckD9zuKqWZbW+wf/lIuN.2","action":"ProcessGetUpdates", "result":"Done", "context":{"dataType":"Preferences", "deleted":"1", "process_failed_to_decrypt":"0", "process_pending_decryption":"0", "process_success":"111", "total":"111"}}
{"logTime": "0913/123537", "correlationVector":"RYckD9zuKqWZbW+wf/lIuN.3","action":"ProcessGetUpdates", "result":"Done", "context":{"dataType":"Passwords", "deleted":"2", "process_failed_to_decrypt":"0", "process_pending_decryption":"0", "process_success":"101", "total":"101"}}
{"logTime": "0913/123537", "correlationVector":"RYckD9zuKqWZbW+wf/lIuN.4","action":"ProcessGetUpdates", "result":"Done", "context":{"dataType":"Device Info", "deleted":"0", "process_failed_to_decrypt":"0", "process_pending_decryption":"0", "process_success":"38", "total":"38"}}
{"logTime": "0913/123537", "correlationVector":"RYckD9zuKqWZbW+wf/lIuN.5","action":"GetUpdates Response", "result":"Success", "context":Received 250 update(s). cV=RYckD9zuKqWZbW+wf/lIuN.0;server=akswtt10200000o;cloudType=Consumer;environment=Prod_southeastasia_prod-s01-065-apac-southeastasia;migrationStage=NotStarted Some updates remain.}
{"logTime": "0913/123537", "correlationVector":"tAIzhU31Jw6Hqk1Jru5vRw","action":"Initial GetUpdates", "result":"", "context":Reason: NEWLY_SUPPORTED_DATATYPE. cV=tAIzhU31Jw6Hqk1Jru5vRw}
{"logTime": "0913/123538", "correlationVector":"tAIzhU31Jw6Hqk1Jru5vRw.1","action":"SyncServerConnectionManagerRequest", "result":"SYNC_SERVER_OK", "context":{"environment":"Prod_southeastasia_prod-s01-065-apac-southeastasia", "migrationStage":"NotStarted", "server":"akswtt102000005"}}
{"logTime": "0913/123538", "correlationVector":"tAIzhU31Jw6Hqk1Jru5vRw.2","action":"ProcessGetUpdates", "result":"Done", "context":{"dataType":"Preferences", "deleted":"0", "process_failed_to_decrypt":"0", "process_pending_decryption":"0", "process_success":"2", "total":"2"}}
{"logTime": "0913/123538", "correlationVector":"tAIzhU31Jw6Hqk1Jru5vRw.3","action":"ProcessGetUpdates", "result":"Done", "context":{"dataType":"Passwords", "deleted":"0", "process_failed_to_decrypt":"0", "process_pending_decryption":"0", "process_success":"118", "total":"118"}}
{"logTime": "0913/123538", "correlationVector":"tAIzhU31Jw6Hqk1Jru5vRw.4","action":"ProcessGetUpdates", "result":"Done", "context":{"dataType":"Device Info", "deleted":"0", "process_failed_to_decrypt":"0", "process_pending_decryption":"0", "process_success":"1", "total":"1"}}
{"logTime": "0913/123538", "correlationVector":"tAIzhU31Jw6Hqk1Jru5vRw.5","action":"GetUpdates Response", "result":"Success", "context":Received 121 update(s). cV=tAIzhU31Jw6Hqk1Jru5vRw.0;server=akswtt102000005;cloudType=Consumer;environment=Prod_southeastasia_prod-s01-065-apac-southeastasia;migrationStage=NotStarted}
{"logTime": "0913/123538", "correlationVector":"KaFJqWel6O1g0Q4YqRLQ9K","action":"Initial GetUpdates", "result":"", "context":Reason: NEWLY_SUPPORTED_DATATYPE. cV=KaFJqWel6O1g0Q4YqRLQ9K}
{"logTime": "0913/123538", "correlationVector":"KaFJqWel6O1g0Q4YqRLQ9K.1","action":"SyncServerConnectionManagerRequest", "result":"SYNC_SERVER_OK", "context":{"environment":"Prod_southeastasia_prod-s01-065-apac-southeastasia", "migrationStage":"NotStarted", "server":"akswtt102000011"}}
{"logTime": "0913/123538", "correlationVector":"KaFJqWel6O1g0Q4YqRLQ9K.2","action":"ProcessGetUpdates", "result":"Done", "context":{"dataType":"Bookmarks", "deleted":"3", "process_failed_to_decrypt":"0", "process_pending_decryption":"0", "process_success":"39", "total":"39"}}
{"logTime": "0913/123538", "correlationVector":"KaFJqWel6O1g0Q4YqRLQ9K.3","action":"GetUpdates Response", "result":"Success", "context":Received 39 update(s). cV=KaFJqWel6O1g0Q4YqRLQ9K.0;server=akswtt102000011;cloudType=Consumer;environment=Prod_southeastasia_prod-s01-065-apac-southeastasia;migrationStage=NotStarted}
{"logTime": "0913/123538", "correlationVector":"6M25AJKaH5JkKvvztwO7TS","action":"Initial GetUpdates", "result":"", "context":Reason: NEWLY_SUPPORTED_DATATYPE. cV=6M25AJKaH5JkKvvztwO7TS}
{"logTime": "0913/123538", "correlationVector":"6M25AJKaH5JkKvvztwO7TS.1","action":"SyncServerConnectionManagerRequest", "result":"SYNC_SERVER_OK", "context":{"environment":"Prod_southeastasia_prod-s01-065-apac-southeastasia", "migrationStage":"NotStarted", "server":"akswtt10200000j"}}
{"logTime": "0913/123538", "correlationVector":"6M25AJKaH5JkKvvztwO7TS.2","action":"ProcessGetUpdates", "result":"Done", "context":{"dataType":"Autofill Profiles", "deleted":"0", "process_failed_to_decrypt":"0", "process_pending_decryption":"0", "process_success":"13", "total":"13"}}
{"logTime": "0913/123538", "correlationVector":"6M25AJKaH5JkKvvztwO7TS.3","action":"ProcessGetUpdates", "result":"Done", "context":{"dataType":"Autofill", "deleted":"0", "process_failed_to_decrypt":"0", "process_pending_decryption":"0", "process_success":"189", "total":"189"}}
{"logTime": "0913/123538", "correlationVector":"6M25AJKaH5JkKvvztwO7TS.4","action":"ProcessGetUpdates", "result":"Done", "context":{"dataType":"Extensions", "deleted":"0", "process_failed_to_decrypt":"0", "process_pending_decryption":"0", "process_success":"4", "total":"4"}}
{"logTime": "0913/123538", "correlationVector":"6M25AJKaH5JkKvvztwO7TS.5","action":"ProcessGetUpdates", "result":"Done", "context":{"dataType":"Extension settings", "deleted":"0", "process_failed_to_decrypt":"0", "process_pending_decryption":"0", "process_success":"42", "total":"42"}}
{"logTime": "0913/123538", "correlationVector":"6M25AJKaH5JkKvvztwO7TS.6","action":"ProcessGetUpdates", "result":"Done", "context":{"dataType":"Web Apps", "deleted":"0", "process_failed_to_decrypt":"0", "process_pending_decryption":"0", "process_success":"1", "total":"1"}}
{"logTime": "0913/123538", "correlationVector":"6M25AJKaH5JkKvvztwO7TS.7","action":"ProcessGetUpdates", "result":"Done", "context":{"dataType":"Saved Tab Group", "deleted":"0", "process_failed_to_decrypt":"0", "process_pending_decryption":"0", "process_success":"1", "total":"1"}}
{"logTime": "0913/123538", "correlationVector":"6M25AJKaH5JkKvvztwO7TS.8","action":"GetUpdates Response", "result":"Success", "context":Received 250 update(s). cV=6M25AJKaH5JkKvvztwO7TS.0;server=akswtt10200000j;cloudType=Consumer;environment=Prod_southeastasia_prod-s01-065-apac-southeastasia;migrationStage=NotStarted Some updates remain.}
{"logTime": "0913/123538", "correlationVector":"pZcA4Iw0TZDz02STiabGcB","action":"Initial GetUpdates", "result":"", "context":Reason: NEWLY_SUPPORTED_DATATYPE. cV=pZcA4Iw0TZDz02STiabGcB}
{"logTime": "0913/123539", "correlationVector":"pZcA4Iw0TZDz02STiabGcB.1","action":"SyncServerConnectionManagerRequest", "result":"SYNC_SERVER_OK", "context":{"environment":"Prod_southeastasia_prod-s01-065-apac-southeastasia", "migrationStage":"NotStarted", "server":"akswtt102000005"}}
{"logTime": "0913/123539", "correlationVector":"pZcA4Iw0TZDz02STiabGcB.2","action":"ProcessGetUpdates", "result":"Done", "context":{"dataType":"Autofill Profiles", "deleted":"0", "process_failed_to_decrypt":"0", "process_pending_decryption":"0", "process_success":"7", "total":"7"}}
{"logTime": "0913/123539", "correlationVector":"pZcA4Iw0TZDz02STiabGcB.3","action":"ProcessGetUpdates", "result":"Done", "context":{"dataType":"Autofill", "deleted":"0", "process_failed_to_decrypt":"0", "process_pending_decryption":"0", "process_success":"158", "total":"158"}}
{"logTime": "0913/123539", "correlationVector":"pZcA4Iw0TZDz02STiabGcB.4","action":"ProcessGetUpdates", "result":"Done", "context":{"dataType":"Extensions", "deleted":"0", "process_failed_to_decrypt":"0", "process_pending_decryption":"0", "process_success":"2", "total":"2"}}
{"logTime": "0913/123539", "correlationVector":"pZcA4Iw0TZDz02STiabGcB.5","action":"ProcessGetUpdates", "result":"Done", "context":{"dataType":"Sessions", "deleted":"80", "process_failed_to_decrypt":"0", "process_pending_decryption":"0", "process_success":"80", "total":"80"}}
{"logTime": "0913/123539", "correlationVector":"pZcA4Iw0TZDz02STiabGcB.6","action":"ProcessGetUpdates", "result":"Done", "context":{"dataType":"Saved Tab Group", "deleted":"0", "process_failed_to_decrypt":"0", "process_pending_decryption":"0", "process_success":"1", "total":"1"}}
{"logTime": "0913/123539", "correlationVector":"pZcA4Iw0TZDz02STiabGcB.7","action":"ProcessGetUpdates", "result":"Done", "context":{"dataType":"Edge Hub App Usage", "deleted":"1", "process_failed_to_decrypt":"0", "process_pending_decryption":"0", "process_success":"2", "total":"2"}}
{"logTime": "0913/123539", "correlationVector":"pZcA4Iw0TZDz02STiabGcB.8","action":"GetUpdates Response", "result":"Success", "context":Received 250 update(s). cV=pZcA4Iw0TZDz02STiabGcB.0;server=akswtt102000005;cloudType=Consumer;environment=Prod_southeastasia_prod-s01-065-apac-southeastasia;migrationStage=NotStarted Some updates remain.}
{"logTime": "0913/123539", "correlationVector":"ZtV1EU6H5mAaFcTBDqSGDP","action":"Initial GetUpdates", "result":"", "context":Reason: NEWLY_SUPPORTED_DATATYPE. cV=ZtV1EU6H5mAaFcTBDqSGDP}
{"logTime": "0913/123539", "correlationVector":"ZtV1EU6H5mAaFcTBDqSGDP.1","action":"SyncServerConnectionManagerRequest", "result":"SYNC_SERVER_OK", "context":{"environment":"Prod_southeastasia_prod-s01-065-apac-southeastasia", "migrationStage":"NotStarted", "server":"akswtt10200000b"}}
{"logTime": "0913/123539", "correlationVector":"ZtV1EU6H5mAaFcTBDqSGDP.2","action":"ProcessGetUpdates", "result":"Done", "context":{"dataType":"Autofill Profiles", "deleted":"0", "process_failed_to_decrypt":"0", "process_pending_decryption":"0", "process_success":"1", "total":"1"}}
{"logTime": "0913/123539", "correlationVector":"ZtV1EU6H5mAaFcTBDqSGDP.3","action":"ProcessGetUpdates", "result":"Done", "context":{"dataType":"Autofill", "deleted":"0", "process_failed_to_decrypt":"0", "process_pending_decryption":"0", "process_success":"5", "total":"5"}}
{"logTime": "0913/123539", "correlationVector":"ZtV1EU6H5mAaFcTBDqSGDP.4","action":"ProcessGetUpdates", "result":"Done", "context":{"dataType":"Extensions", "deleted":"0", "process_failed_to_decrypt":"0", "process_pending_decryption":"0", "process_success":"8", "total":"8"}}
{"logTime": "0913/123539", "correlationVector":"ZtV1EU6H5mAaFcTBDqSGDP.5","action":"ProcessGetUpdates", "result":"Done", "context":{"dataType":"Sessions", "deleted":"213", "process_failed_to_decrypt":"0", "process_pending_decryption":"0", "process_success":"227", "total":"227"}}
{"logTime": "0913/123539", "correlationVector":"ZtV1EU6H5mAaFcTBDqSGDP.6","action":"ProcessGetUpdates", "result":"Done", "context":{"dataType":"Edge Hub App Usage", "deleted":"1", "process_failed_to_decrypt":"0", "process_pending_decryption":"0", "process_success":"7", "total":"7"}}
{"logTime": "0913/123539", "correlationVector":"ZtV1EU6H5mAaFcTBDqSGDP.7","action":"GetUpdates Response", "result":"Success", "context":Received 248 update(s). cV=ZtV1EU6H5mAaFcTBDqSGDP.0;server=akswtt10200000b;cloudType=Consumer;environment=Prod_southeastasia_prod-s01-065-apac-southeastasia;migrationStage=NotStarted}
{"logTime": "0913/123539", "correlationVector":"Le1QFBHlRTdoai+qVPwFrR","action":"Initial GetUpdates", "result":"", "context":Reason: NEWLY_SUPPORTED_DATATYPE. cV=Le1QFBHlRTdoai+qVPwFrR}
{"logTime": "0913/123540", "correlationVector":"Le1QFBHlRTdoai+qVPwFrR.1","action":"SyncServerConnectionManagerRequest", "result":"SYNC_SERVER_OK", "context":{"environment":"Prod_southeastasia_prod-s01-065-apac-southeastasia", "migrationStage":"NotStarted", "server":"akswtt10200000q"}}
{"logTime": "0913/123540", "correlationVector":"Le1QFBHlRTdoai+qVPwFrR.2","action":"ProcessGetUpdates", "result":"Done", "context":{"dataType":"History", "deleted":"0", "process_failed_to_decrypt":"0", "process_pending_decryption":"0", "process_success":"250", "total":"250"}}
{"logTime": "0913/123540", "correlationVector":"Le1QFBHlRTdoai+qVPwFrR.3","action":"GetUpdates Response", "result":"Success", "context":Received 250 update(s). cV=Le1QFBHlRTdoai+qVPwFrR.0;server=akswtt10200000q;cloudType=Consumer;environment=Prod_southeastasia_prod-s01-065-apac-southeastasia;migrationStage=NotStarted Some updates remain.}
{"logTime": "0913/123540", "correlationVector":"ogpOO4gWsFyWQ1K9xloLzY","action":"Initial GetUpdates", "result":"", "context":Reason: NEWLY_SUPPORTED_DATATYPE. cV=ogpOO4gWsFyWQ1K9xloLzY}
{"logTime": "0913/123540", "correlationVector":"ogpOO4gWsFyWQ1K9xloLzY.1","action":"SyncServerConnectionManagerRequest", "result":"SYNC_SERVER_OK", "context":{"environment":"Prod_southeastasia_prod-s01-065-apac-southeastasia", "migrationStage":"NotStarted", "server":"akswtt102000000"}}
{"logTime": "0913/123540", "correlationVector":"ogpOO4gWsFyWQ1K9xloLzY.2","action":"ProcessGetUpdates", "result":"Done", "context":{"dataType":"History", "deleted":"0", "process_failed_to_decrypt":"0", "process_pending_decryption":"0", "process_success":"250", "total":"250"}}
{"logTime": "0913/123540", "correlationVector":"ogpOO4gWsFyWQ1K9xloLzY.3","action":"GetUpdates Response", "result":"Success", "context":Received 250 update(s). cV=ogpOO4gWsFyWQ1K9xloLzY.0;server=akswtt102000000;cloudType=Consumer;environment=Prod_southeastasia_prod-s01-065-apac-southeastasia;migrationStage=NotStarted Some updates remain.}
{"logTime": "0913/123540", "correlationVector":"eKD4cHZg39C/SuPhPu6abl","action":"Initial GetUpdates", "result":"", "context":Reason: NEWLY_SUPPORTED_DATATYPE. cV=eKD4cHZg39C/SuPhPu6abl}
{"logTime": "0913/123540", "correlationVector":"eKD4cHZg39C/SuPhPu6abl.1","action":"SyncServerConnectionManagerRequest", "result":"SYNC_SERVER_OK", "context":{"environment":"Prod_southeastasia_prod-s01-065-apac-southeastasia", "migrationStage":"NotStarted", "server":"akswtt10200000z"}}
{"logTime": "0913/123540", "correlationVector":"eKD4cHZg39C/SuPhPu6abl.2","action":"ProcessGetUpdates", "result":"Done", "context":{"dataType":"History", "deleted":"0", "process_failed_to_decrypt":"0", "process_pending_decryption":"0", "process_success":"42", "total":"42"}}
{"logTime": "0913/123540", "correlationVector":"eKD4cHZg39C/SuPhPu6abl.3","action":"GetUpdates Response", "result":"Success", "context":Received 42 update(s). cV=eKD4cHZg39C/SuPhPu6abl.0;server=akswtt10200000z;cloudType=Consumer;environment=Prod_southeastasia_prod-s01-065-apac-southeastasia;migrationStage=NotStarted}
{"logTime": "0913/123541", "correlationVector":"6vsv18OGLFTeJiMEI4hVfn","action":"Normal GetUpdate request", "result":"", "context":cV=6vsv18OGLFTeJiMEI4hVfn
Nudged types: Preferences, Passwords, Sessions, Device Info, User Consents
Refresh requested types: Bookmarks, Preferences, Passwords, Autofill Profiles, Autofill, Extensions, Sessions, Extension settings, History Delete Directives, Device Info, User Consents, Send Tab To Self, Web Apps, History, Saved Tab Group, WebAuthn Credentials, Collection, Edge E Drop, Edge Hub App Usage, Edge Wallet, Encryption Keys}
{"logTime": "0913/123541", "correlationVector":"6vsv18OGLFTeJiMEI4hVfn.1","action":"SyncServerConnectionManagerRequest", "result":"SYNC_SERVER_OK", "context":{"environment":"Prod_southeastasia_prod-s01-065-apac-southeastasia", "migrationStage":"NotStarted", "server":"akswtt102000005"}}
{"logTime": "0913/123541", "correlationVector":"6vsv18OGLFTeJiMEI4hVfn.2","action":"GetUpdates Response", "result":"Success", "context":Received 0 update(s). cV=6vsv18OGLFTeJiMEI4hVfn.0;server=akswtt102000005;cloudType=Consumer;environment=Prod_southeastasia_prod-s01-065-apac-southeastasia;migrationStage=NotStarted}
{"logTime": "0913/123541", "correlationVector":"8Q9AZAUQAvav6pgOVm4UVj","action":"Commit Request", "result":"", "context":Item count: 10
Contributing types: Preferences, Passwords, Sessions, Device Info, User Consents, History}
{"logTime": "0913/123541", "correlationVector":"8Q9AZAUQAvav6pgOVm4UVj.1","action":"SyncServerConnectionManagerRequest", "result":"SYNC_SERVER_OK", "context":{"environment":"Prod_southeastasia_prod-s01-065-apac-southeastasia", "migrationStage":"NotStarted", "server":"akswtt102000011"}}
{"logTime": "0913/123541", "correlationVector":"8Q9AZAUQAvav6pgOVm4UVj.2","action":"Commit Response", "result":"Success", "context":Result: Success. cV=8Q9AZAUQAvav6pgOVm4UVj.0;server=akswtt102000011;cloudType=Consumer;environment=Prod_southeastasia_prod-s01-065-apac-southeastasia;migrationStage=NotStarted}
{"logTime": "0913/123542", "correlationVector":"uytJrG/RdEW57URNpuoioF","action":"Commit Request", "result":"", "context":Item count: 1
Contributing types: Sessions}
{"logTime": "0913/123542", "correlationVector":"uytJrG/RdEW57URNpuoioF.1","action":"SyncServerConnectionManagerRequest", "result":"SYNC_SERVER_OK", "context":{"environment":"Prod_southeastasia_prod-s01-065-apac-southeastasia", "migrationStage":"NotStarted", "server":"akswtt102000002"}}
{"logTime": "0913/123542", "correlationVector":"uytJrG/RdEW57URNpuoioF.2","action":"Commit Response", "result":"Success", "context":Result: Success. cV=uytJrG/RdEW57URNpuoioF.0;server=akswtt102000002;cloudType=Consumer;environment=Prod_southeastasia_prod-s01-065-apac-southeastasia;migrationStage=NotStarted}
{"logTime": "0913/123544", "correlationVector":"SyW5MIs3azCBUBMIYBF+3x","action":"Normal GetUpdate request", "result":"", "context":cV=SyW5MIs3azCBUBMIYBF+3x
Notified types: Preferences, Device Info}
{"logTime": "0913/123545", "correlationVector":"SyW5MIs3azCBUBMIYBF+3x.1","action":"SyncServerConnectionManagerRequest", "result":"SYNC_SERVER_OK", "context":{"environment":"Prod_southeastasia_prod-s01-065-apac-southeastasia", "migrationStage":"NotStarted", "server":"akswtt102000007"}}
{"logTime": "0913/123545", "correlationVector":"SyW5MIs3azCBUBMIYBF+3x.2","action":"ProcessGetUpdates", "result":"Done", "context":{"dataType":"Preferences", "deleted":"0", "process_failed_to_decrypt":"0", "process_pending_decryption":"0", "process_success":"2", "total":"2"}}
{"logTime": "0913/123545", "correlationVector":"SyW5MIs3azCBUBMIYBF+3x.3","action":"ProcessGetUpdates", "result":"Done", "context":{"dataType":"Passwords", "deleted":"0", "process_failed_to_decrypt":"0", "process_pending_decryption":"0", "process_success":"3", "total":"3"}}
{"logTime": "0913/123545", "correlationVector":"SyW5MIs3azCBUBMIYBF+3x.4","action":"ProcessGetUpdates", "result":"Done", "context":{"dataType":"Sessions", "deleted":"0", "process_failed_to_decrypt":"0", "process_pending_decryption":"0", "process_success":"2", "total":"2"}}
{"logTime": "0913/123545", "correlationVector":"SyW5MIs3azCBUBMIYBF+3x.5","action":"ProcessGetUpdates", "result":"Done", "context":{"dataType":"Device Info", "deleted":"0", "process_failed_to_decrypt":"0", "process_pending_decryption":"0", "process_success":"2", "total":"2"}}
{"logTime": "0913/123545", "correlationVector":"SyW5MIs3azCBUBMIYBF+3x.6","action":"ProcessGetUpdates", "result":"Done", "context":{"dataType":"History", "deleted":"0", "process_failed_to_decrypt":"0", "process_pending_decryption":"0", "process_success":"1", "total":"1"}}
{"logTime": "0913/123545", "correlationVector":"SyW5MIs3azCBUBMIYBF+3x.7","action":"GetUpdates Response", "result":"Success", "context":Received 10 update(s). cV=SyW5MIs3azCBUBMIYBF+3x.0;server=akswtt102000007;cloudType=Consumer;environment=Prod_southeastasia_prod-s01-065-apac-southeastasia;migrationStage=NotStarted}
{"logTime": "0913/123545", "correlationVector":"nPfG7OiblzIkBhyEf/ahKT","action":"DoCompareDataConsistency requsted types: ", "result":"Bookmarks, Preferences, Passwords, Extensions, Extension settings, History Delete Directives, Send Tab To Self, Web Apps, History, Saved Tab Group, WebAuthn Credentials, Collection, Edge E Drop, Edge Wallet, Encryption Keys"}
{"logTime": "0913/123545", "correlationVector":"nPfG7OiblzIkBhyEf/ahKT.0","action":"CompareDataConsistency result: ", "result":"Compare result: Encryption Keys is consistent. local entities count is: 1 local entities hash is: Hef0nolW8trbjnbU+U9pC481tnI="}
{"logTime": "0913/123545", "correlationVector":"nPfG7OiblzIkBhyEf/ahKT.1","action":"CompareDataConsistency result: ", "result":"Compare result: Bookmarks is consistent. local entities count is: 30 local entities hash is: 0aW6+i9EgIRDjhDD24kHohRovfM="}
{"logTime": "0913/123545", "correlationVector":"nPfG7OiblzIkBhyEf/ahKT.2","action":"CompareDataConsistency result: ", "result":"Compare result: Preferences is consistent. local entities count is: 112 local entities hash is: +eTmzK0/Ifwk+K85sRjeNUIkZkQ="}
{"logTime": "0913/123545", "correlationVector":"nPfG7OiblzIkBhyEf/ahKT.3","action":"CompareDataConsistency result: ", "result":"Compare result: Extensions is consistent. local entities count is: 14 local entities hash is: VZY1BZk5ix3qT8MwG28OQG5xCPM="}
{"logTime": "0913/123545", "correlationVector":"nPfG7OiblzIkBhyEf/ahKT.4","action":"CompareDataConsistency result: ", "result":"Compare result: Extension settings is consistent. local entities count is: 42 local entities hash is: IzYcX7vRnaEQHuuKAIGU2H2i7HY="}
{"logTime": "0913/123545", "correlationVector":"nPfG7OiblzIkBhyEf/ahKT.5","action":"CompareDataConsistency result: ", "result":"Compare result: History Delete Directives is consistent. local entities count is: 0 local entities hash is: "}
{"logTime": "0913/123545", "correlationVector":"nPfG7OiblzIkBhyEf/ahKT.6","action":"CompareDataConsistency result: ", "result":"Server did not send this Send Tab To Self local entities count is: 0 local entities hash is: "}
{"logTime": "0913/123545", "correlationVector":"nPfG7OiblzIkBhyEf/ahKT.7","action":"CompareDataConsistency result: ", "result":"Compare result: Web Apps is consistent. local entities count is: 1 local entities hash is: k23ttIGrhuy4sNoEzkPcCnDAlhQ="}
{"logTime": "0913/123545", "correlationVector":"nPfG7OiblzIkBhyEf/ahKT.8","action":"CompareDataConsistency result: ", "result":"Server did not send this History local entities count is: 0 local entities hash is: "}
{"logTime": "0913/123545", "correlationVector":"nPfG7OiblzIkBhyEf/ahKT.9","action":"CompareDataConsistency result: ", "result":"Compare result: Saved Tab Group is consistent. local entities count is: 2 local entities hash is: RH5oH4ojx/Gz5x5s73iXs8QCrvc="}
{"logTime": "0913/123545", "correlationVector":"nPfG7OiblzIkBhyEf/ahKT.10","action":"CompareDataConsistency result: ", "result":"Server did not send this WebAuthn Credentials local entities count is: 0 local entities hash is: "}
{"logTime": "0913/123545", "correlationVector":"nPfG7OiblzIkBhyEf/ahKT.11","action":"CompareDataConsistency result: ", "result":"Compare result: Collection is consistent. local entities count is: 0 local entities hash is: "}
{"logTime": "0913/123545", "correlationVector":"nPfG7OiblzIkBhyEf/ahKT.12","action":"CompareDataConsistency result: ", "result":"Compare result: Edge E Drop is consistent. local entities count is: 0 local entities hash is: "}
{"logTime": "0913/123545", "correlationVector":"nPfG7OiblzIkBhyEf/ahKT.13","action":"CompareDataConsistency result: ", "result":"Compare result: Edge Wallet is consistent. local entities count is: 0 local entities hash is: "}
{"logTime": "0913/123545", "correlationVector":"nPfG7OiblzIkBhyEf/ahKT.14","action":"CompareDataConsistency result: ", "result":"Compare result: Passwords is consistent. local entities count is: 217 local entities hash is: q42+fo7sH/roT6KCKpY/BBDIe8A="}
{"logTime": "0913/123545", "correlationVector":"","action":"DIAGNOSTIC_REQUEST|v1/diagnosticData/Diagnostic.SendCheckResult()|SUCCESS", "result":""}
{"logTime": "0913/123550", "correlationVector":"/KnsqXqRZxLps9SdErh0wH","action":"Normal GetUpdate request", "result":"", "context":cV=/KnsqXqRZxLps9SdErh0wH
Nudged types: Sessions, History
Notified types: Preferences}
{"logTime": "0913/123550", "correlationVector":"/KnsqXqRZxLps9SdErh0wH.1","action":"SyncServerConnectionManagerRequest", "result":"SYNC_SERVER_OK", "context":{"environment":"Prod_southeastasia_prod-s01-065-apac-southeastasia", "migrationStage":"NotStarted", "server":"akswtt10200000k"}}
{"logTime": "0913/123550", "correlationVector":"/KnsqXqRZxLps9SdErh0wH.2","action":"ProcessGetUpdates", "result":"Done", "context":{"dataType":"Preferences", "deleted":"0", "process_failed_to_decrypt":"0", "process_pending_decryption":"0", "process_success":"1", "total":"1"}}
{"logTime": "0913/123550", "correlationVector":"/KnsqXqRZxLps9SdErh0wH.3","action":"GetUpdates Response", "result":"Success", "context":Received 1 update(s). cV=/KnsqXqRZxLps9SdErh0wH.0;server=akswtt10200000k;cloudType=Consumer;environment=Prod_southeastasia_prod-s01-065-apac-southeastasia;migrationStage=NotStarted}
{"logTime": "0913/123550", "correlationVector":"4Ig0aXHZGKsW1yLZRUo1Cp","action":"Commit Request", "result":"", "context":Item count: 2
Contributing types: Sessions, History}
{"logTime": "0913/123550", "correlationVector":"4Ig0aXHZGKsW1yLZRUo1Cp.1","action":"SyncServerConnectionManagerRequest", "result":"SYNC_SERVER_OK", "context":{"environment":"Prod_southeastasia_prod-s01-065-apac-southeastasia", "migrationStage":"NotStarted", "server":"akswtt10200000m"}}
{"logTime": "0913/123550", "correlationVector":"4Ig0aXHZGKsW1yLZRUo1Cp.2","action":"Commit Response", "result":"Success", "context":Result: Success. cV=4Ig0aXHZGKsW1yLZRUo1Cp.0;server=akswtt10200000m;cloudType=Consumer;environment=Prod_southeastasia_prod-s01-065-apac-southeastasia;migrationStage=NotStarted}
{"logTime": "0913/123634", "correlationVector":"rFAOk3rW7oKuNKGHV2jzM6","action":"Commit Request", "result":"", "context":Item count: 40
Contributing types: Passwords}
{"logTime": "0913/123636", "correlationVector":"rFAOk3rW7oKuNKGHV2jzM6.1","action":"SyncServerConnectionManagerRequest", "result":"SYNC_SERVER_OK", "context":{"environment":"Prod_southeastasia_prod-s01-065-apac-southeastasia", "migrationStage":"NotStarted", "server":"akswtt10200000a"}}
{"logTime": "0913/123636", "correlationVector":"rFAOk3rW7oKuNKGHV2jzM6.2","action":"Commit Response", "result":"Success", "context":Result: Success. cV=rFAOk3rW7oKuNKGHV2jzM6.0;server=akswtt10200000a;cloudType=Consumer;environment=Prod_southeastasia_prod-s01-065-apac-southeastasia;migrationStage=NotStarted}
{"logTime": "0913/123636", "correlationVector":"0KlEvVm6bAUeL2EubcKXXY","action":"Commit Request", "result":"", "context":Item count: 40
Contributing types: Passwords}
{"logTime": "0913/123638", "correlationVector":"0KlEvVm6bAUeL2EubcKXXY.1","action":"SyncServerConnectionManagerRequest", "result":"SYNC_SERVER_OK", "context":{"environment":"Prod_southeastasia_prod-s01-065-apac-southeastasia", "migrationStage":"NotStarted", "server":"akswtt10200000k"}}
{"logTime": "0913/123638", "correlationVector":"0KlEvVm6bAUeL2EubcKXXY.2","action":"Commit Response", "result":"Success", "context":Result: Success. cV=0KlEvVm6bAUeL2EubcKXXY.0;server=akswtt10200000k;cloudType=Consumer;environment=Prod_southeastasia_prod-s01-065-apac-southeastasia;migrationStage=NotStarted}
{"logTime": "0913/123638", "correlationVector":"nf5SveaS8VJUhVf9ekKbVU","action":"Commit Request", "result":"", "context":Item count: 40
Contributing types: Passwords}
{"logTime": "0913/123640", "correlationVector":"nf5SveaS8VJUhVf9ekKbVU.1","action":"SyncServerConnectionManagerRequest", "result":"SYNC_SERVER_OK", "context":{"environment":"Prod_southeastasia_prod-s01-065-apac-southeastasia", "migrationStage":"NotStarted", "server":"akswtt10200000h"}}
{"logTime": "0913/123640", "correlationVector":"nf5SveaS8VJUhVf9ekKbVU.2","action":"Commit Response", "result":"Success", "context":Result: Success. cV=nf5SveaS8VJUhVf9ekKbVU.0;server=akswtt10200000h;cloudType=Consumer;environment=Prod_southeastasia_prod-s01-065-apac-southeastasia;migrationStage=NotStarted}
{"logTime": "0913/123640", "correlationVector":"r5QQl5nodPqnNCUeouEQDO","action":"Commit Request", "result":"", "context":Item count: 40
Contributing types: Passwords}
{"logTime": "0913/123641", "correlationVector":"r5QQl5nodPqnNCUeouEQDO.1","action":"SyncServerConnectionManagerRequest", "result":"SYNC_SERVER_OK", "context":{"environment":"Prod_southeastasia_prod-s01-065-apac-southeastasia", "migrationStage":"NotStarted", "server":"akswtt10200000t"}}
{"logTime": "0913/123641", "correlationVector":"r5QQl5nodPqnNCUeouEQDO.2","action":"Commit Response", "result":"Success", "context":Result: Success. cV=r5QQl5nodPqnNCUeouEQDO.0;server=akswtt10200000t;cloudType=Consumer;environment=Prod_southeastasia_prod-s01-065-apac-southeastasia;migrationStage=NotStarted}
{"logTime": "0913/123641", "correlationVector":"B1BPY0tpJFf4fJG97r6Jrb","action":"Commit Request", "result":"", "context":Item count: 28
Contributing types: Passwords}
{"logTime": "0913/123643", "correlationVector":"B1BPY0tpJFf4fJG97r6Jrb.1","action":"SyncServerConnectionManagerRequest", "result":"SYNC_SERVER_OK", "context":{"environment":"Prod_southeastasia_prod-s01-065-apac-southeastasia", "migrationStage":"NotStarted", "server":"akswtt10200000k"}}
{"logTime": "0913/123643", "correlationVector":"B1BPY0tpJFf4fJG97r6Jrb.2","action":"Commit Response", "result":"Success", "context":Result: Success. cV=B1BPY0tpJFf4fJG97r6Jrb.0;server=akswtt10200000k;cloudType=Consumer;environment=Prod_southeastasia_prod-s01-065-apac-southeastasia;migrationStage=NotStarted}
{"logTime": "0913/124039", "correlationVector":"r69wNk1USuLRqHnDXos8FO.1","action":"SyncServerConnectionManagerRequest", "result":"SYNC_SERVER_OK", "context":{"environment":"Prod_southeastasia_prod-s01-065-apac-southeastasia", "migrationStage":"NotStarted", "server":"akswtt10200000p"}}
{"logTime": "0913/124039", "correlationVector":"r69wNk1USuLRqHnDXos8FO.2","action":"ProcessGetUpdates", "result":"Done", "context":{"dataType":"Encryption Keys", "deleted":"0", "process_failed_to_decrypt":"0", "process_pending_decryption":"0", "process_success":"1", "total":"1"}}
{"logTime": "0913/124039", "correlationVector":"cu2sYwKLoGEWrGAfV3vPK8","action":"SyncServerConnectionManagerRequest", "result":"SYNC_SERVER_OK", "context":{"environment":"", "migrationStage":"", "server":""}}
{"logTime": "0913/124039", "correlationVector":"cu2sYwKLoGEWrGAfV3vPK8.0","action":"EncryptionKeysFetcher.DownloadKeys:", "result":"Success", "context":Key count: 10, Last key timestamp: 2025-04-28T05:34:38Z}
{"logTime": "0913/124039", "correlationVector":"cu2sYwKLoGEWrGAfV3vPK8.1","action":"EncryptionKeysManager::SetEncryptionKeys:", "result":"Success", "context":Key names[10]:[EDOVGNWdwoKfos2R0+r6CUc9U4jqeOkTcicGPLZIJ/tEgfFyHQoZsL/dn7qcxbnvGXwt45M9HlBNNLKtUc6aTg==][FVKe5f1rKcWVVdJLzxeH2BZC+0JPy+z+53NJAZCwX284phpL9xgV8Tpgx+dX9zSyueQzLOImVEwjGgERCmNOJA==][l7Q2LWhPR2pS3xfx62IjODWH+ihqOaZLjhzi7NbKQ9s/uGLwaf7hOOba2nvrz2KZXwcOWsr24AoRke9dP2urKw==][0c/sfDtJOtXJBzQbyZOlxG3g95APrFW7rJlEvYw8AWScX3b6Um7d5TbdH4rgCWU2PDJFHSbHeVUS99GGJ5xUFg==][7MpZf2gYJu2dDLYHLHMkffuH41ZWq3MN388fukiYEgqG04LzvfZHUxnNGZF+0Si9vZ0j8tpFzNjQWXOcos/CWA==][drNjT+ef1oyo3LLg7WAyyacaWgELO4SKFLQ+kq32RsZ1qRuKexrTE4SOSQjfFtjhlP5NDTVefPBdPhbJVgVAZA==][Y4Begg7EPy9E9XiHCpRVoJCZXE2s+JJlyG/ONaHZ/Abl6LkFvABCs2YBtkNRLx17ifd7YxT/4SaVr8ZHvw7+CQ==][44D7dJ/w/7Vp1zeiJHPne1ml0dFQO85UIxnOs/1uVOwm8IgcQnU3lZMwruMLqV2TWLU66Mv0reTn/PH2Iy3lpw==][8aXo2cn8dfA5NLvwufIMOdu3PzCu0yirBiBrhohe5CLrLDWQLjz1cctajO3xL5wNCBceGN1rwI5bS5JdsfzVkA==][2Q8mCkIiOnCKq1ZJFjEOMKG0vzfpPdaH596k7Zg6f0aUdCON2qLC6ZREyfRqdUCV4zSAFvqklf4agAI0rPwOjw==]}
{"logTime": "0913/124039", "correlationVector":"cu2sYwKLoGEWrGAfV3vPK8.2","action":"EncryptionKeysManager::SetEncryptionKeysWithTimestamps:", "result":"Success", "context":Key timestamps[10]:[2020-12-11T16:38:08Z][2021-06-11T01:28:03Z][2021-12-08T04:50:25Z][2022-06-20T10:05:04Z][2022-12-22T03:55:27Z][2023-06-24T11:26:46Z][2023-12-21T12:07:25Z][2024-09-13T05:09:20Z][2024-10-27T07:09:39Z][2025-04-28T05:34:38Z]}
{"logTime": "0913/124039", "correlationVector":"r69wNk1USuLRqHnDXos8FO","action":"Initial GetUpdates", "result":"", "context":Reason: NEW_CLIENT. cV=r69wNk1USuLRqHnDXos8FO}
{"logTime": "0913/124039", "correlationVector":"r69wNk1USuLRqHnDXos8FO.3","action":"GetUpdates Response", "result":"Success", "context":Received 1 update(s). cV=r69wNk1USuLRqHnDXos8FO.0;server=akswtt10200000p;cloudType=Consumer;environment=Prod_southeastasia_prod-s01-065-apac-southeastasia;migrationStage=NotStarted}
{"logTime": "0913/124039", "correlationVector":"BgGnM3cY+iLdMhN4exqK0y","action":"Initial GetUpdates", "result":"", "context":Reason: NEWLY_SUPPORTED_DATATYPE. cV=BgGnM3cY+iLdMhN4exqK0y}
{"logTime": "0913/124040", "correlationVector":"BgGnM3cY+iLdMhN4exqK0y.1","action":"SyncServerConnectionManagerRequest", "result":"SYNC_SERVER_OK", "context":{"environment":"Prod_southeastasia_prod-s01-065-apac-southeastasia", "migrationStage":"NotStarted", "server":"akswtt10200000c"}}
{"logTime": "0913/124040", "correlationVector":"BgGnM3cY+iLdMhN4exqK0y.2","action":"ProcessGetUpdates", "result":"Done", "context":{"dataType":"Passwords", "deleted":"2", "process_failed_to_decrypt":"0", "process_pending_decryption":"0", "process_success":"219", "total":"219"}}
{"logTime": "0913/124040", "correlationVector":"BgGnM3cY+iLdMhN4exqK0y.3","action":"GetUpdates Response", "result":"Success", "context":Received 219 update(s). cV=BgGnM3cY+iLdMhN4exqK0y.0;server=akswtt10200000c;cloudType=Consumer;environment=Prod_southeastasia_prod-s01-065-apac-southeastasia;migrationStage=NotStarted}
{"logTime": "0913/124040", "correlationVector":"AWXVNYKxi2FC1NL8g2OdlR","action":"Normal GetUpdate request", "result":"", "context":cV=AWXVNYKxi2FC1NL8g2OdlR
Nudged types: Sessions, History
Refresh requested types: Bookmarks, Preferences, Passwords, Autofill Profiles, Autofill, Extensions, Sessions, Extension settings, History Delete Directives, Device Info, User Consents, Send Tab To Self, Web Apps, History, Saved Tab Group, WebAuthn Credentials, Collection, Edge E Drop, Edge Hub App Usage, Edge Wallet, Encryption Keys}
{"logTime": "0913/124040", "correlationVector":"AWXVNYKxi2FC1NL8g2OdlR.1","action":"SyncServerConnectionManagerRequest", "result":"SYNC_SERVER_OK", "context":{"environment":"Prod_southeastasia_prod-s01-065-apac-southeastasia", "migrationStage":"NotStarted", "server":"akswtt10200000c"}}
{"logTime": "0913/124040", "correlationVector":"AWXVNYKxi2FC1NL8g2OdlR.2","action":"ProcessGetUpdates", "result":"Done", "context":{"dataType":"Preferences", "deleted":"0", "process_failed_to_decrypt":"0", "process_pending_decryption":"0", "process_success":"1", "total":"1"}}
{"logTime": "0913/124040", "correlationVector":"AWXVNYKxi2FC1NL8g2OdlR.3","action":"ProcessGetUpdates", "result":"Done", "context":{"dataType":"Sessions", "deleted":"0", "process_failed_to_decrypt":"0", "process_pending_decryption":"0", "process_success":"4", "total":"4"}}
{"logTime": "0913/124040", "correlationVector":"AWXVNYKxi2FC1NL8g2OdlR.4","action":"ProcessGetUpdates", "result":"Done", "context":{"dataType":"Device Info", "deleted":"0", "process_failed_to_decrypt":"0", "process_pending_decryption":"0", "process_success":"1", "total":"1"}}
{"logTime": "0913/124040", "correlationVector":"AWXVNYKxi2FC1NL8g2OdlR.5","action":"ProcessGetUpdates", "result":"Done", "context":{"dataType":"History", "deleted":"0", "process_failed_to_decrypt":"0", "process_pending_decryption":"0", "process_success":"3", "total":"3"}}
{"logTime": "0913/124040", "correlationVector":"AWXVNYKxi2FC1NL8g2OdlR.6","action":"GetUpdates Response", "result":"Success", "context":Received 9 update(s). cV=AWXVNYKxi2FC1NL8g2OdlR.0;server=akswtt10200000c;cloudType=Consumer;environment=Prod_southeastasia_prod-s01-065-apac-southeastasia;migrationStage=NotStarted}
{"logTime": "0913/124041", "correlationVector":"zRfeJpfDMQdV+k6DECSdGn","action":"Commit Request", "result":"", "context":Item count: 4
Contributing types: Preferences, Passwords}
{"logTime": "0913/124042", "correlationVector":"zRfeJpfDMQdV+k6DECSdGn.1","action":"SyncServerConnectionManagerRequest", "result":"SYNC_SERVER_OK", "context":{"environment":"Prod_southeastasia_prod-s01-065-apac-southeastasia", "migrationStage":"NotStarted", "server":"akswtt10200000c"}}
{"logTime": "0913/124042", "correlationVector":"zRfeJpfDMQdV+k6DECSdGn.2","action":"Commit Response", "result":"Success", "context":Result: Success. cV=zRfeJpfDMQdV+k6DECSdGn.0;server=akswtt10200000c;cloudType=Consumer;environment=Prod_southeastasia_prod-s01-065-apac-southeastasia;migrationStage=NotStarted}
{"logTime": "0913/124424", "correlationVector":"0pcOk9dAann/zYE5HRA8yv.1","action":"SyncServerConnectionManagerRequest", "result":"SYNC_SERVER_OK", "context":{"environment":"Prod_southeastasia_prod-s01-065-apac-southeastasia", "migrationStage":"NotStarted", "server":"akswtt102000000"}}
{"logTime": "0913/124424", "correlationVector":"0pcOk9dAann/zYE5HRA8yv.2","action":"ProcessGetUpdates", "result":"Done", "context":{"dataType":"Encryption Keys", "deleted":"0", "process_failed_to_decrypt":"0", "process_pending_decryption":"0", "process_success":"1", "total":"1"}}
{"logTime": "0913/124424", "correlationVector":"leG9DgtRGcqHpMTd67tYBA","action":"SyncServerConnectionManagerRequest", "result":"SYNC_SERVER_OK", "context":{"environment":"", "migrationStage":"", "server":""}}
{"logTime": "0913/124424", "correlationVector":"leG9DgtRGcqHpMTd67tYBA.0","action":"EncryptionKeysFetcher.DownloadKeys:", "result":"Success", "context":Key count: 10, Last key timestamp: 2025-04-28T05:34:38Z}
{"logTime": "0913/124424", "correlationVector":"leG9DgtRGcqHpMTd67tYBA.1","action":"EncryptionKeysManager::SetEncryptionKeys:", "result":"Success", "context":Key names[10]:[EDOVGNWdwoKfos2R0+r6CUc9U4jqeOkTcicGPLZIJ/tEgfFyHQoZsL/dn7qcxbnvGXwt45M9HlBNNLKtUc6aTg==][FVKe5f1rKcWVVdJLzxeH2BZC+0JPy+z+53NJAZCwX284phpL9xgV8Tpgx+dX9zSyueQzLOImVEwjGgERCmNOJA==][l7Q2LWhPR2pS3xfx62IjODWH+ihqOaZLjhzi7NbKQ9s/uGLwaf7hOOba2nvrz2KZXwcOWsr24AoRke9dP2urKw==][0c/sfDtJOtXJBzQbyZOlxG3g95APrFW7rJlEvYw8AWScX3b6Um7d5TbdH4rgCWU2PDJFHSbHeVUS99GGJ5xUFg==][7MpZf2gYJu2dDLYHLHMkffuH41ZWq3MN388fukiYEgqG04LzvfZHUxnNGZF+0Si9vZ0j8tpFzNjQWXOcos/CWA==][drNjT+ef1oyo3LLg7WAyyacaWgELO4SKFLQ+kq32RsZ1qRuKexrTE4SOSQjfFtjhlP5NDTVefPBdPhbJVgVAZA==][Y4Begg7EPy9E9XiHCpRVoJCZXE2s+JJlyG/ONaHZ/Abl6LkFvABCs2YBtkNRLx17ifd7YxT/4SaVr8ZHvw7+CQ==][44D7dJ/w/7Vp1zeiJHPne1ml0dFQO85UIxnOs/1uVOwm8IgcQnU3lZMwruMLqV2TWLU66Mv0reTn/PH2Iy3lpw==][8aXo2cn8dfA5NLvwufIMOdu3PzCu0yirBiBrhohe5CLrLDWQLjz1cctajO3xL5wNCBceGN1rwI5bS5JdsfzVkA==][2Q8mCkIiOnCKq1ZJFjEOMKG0vzfpPdaH596k7Zg6f0aUdCON2qLC6ZREyfRqdUCV4zSAFvqklf4agAI0rPwOjw==]}
{"logTime": "0913/124424", "correlationVector":"leG9DgtRGcqHpMTd67tYBA.2","action":"EncryptionKeysManager::SetEncryptionKeysWithTimestamps:", "result":"Success", "context":Key timestamps[10]:[2020-12-11T16:38:08Z][2021-06-11T01:28:03Z][2021-12-08T04:50:25Z][2022-06-20T10:05:04Z][2022-12-22T03:55:27Z][2023-06-24T11:26:46Z][2023-12-21T12:07:25Z][2024-09-13T05:09:20Z][2024-10-27T07:09:39Z][2025-04-28T05:34:38Z]}
{"logTime": "0913/124424", "correlationVector":"0pcOk9dAann/zYE5HRA8yv","action":"Initial GetUpdates", "result":"", "context":Reason: NEW_CLIENT. cV=0pcOk9dAann/zYE5HRA8yv}
{"logTime": "0913/124424", "correlationVector":"0pcOk9dAann/zYE5HRA8yv.3","action":"GetUpdates Response", "result":"Success", "context":Received 1 update(s). cV=0pcOk9dAann/zYE5HRA8yv.0;server=akswtt102000000;cloudType=Consumer;environment=Prod_southeastasia_prod-s01-065-apac-southeastasia;migrationStage=NotStarted}
{"logTime": "0913/124424", "correlationVector":"8PZvYUsZFwctTvnnjkfuRX","action":"Initial GetUpdates", "result":"", "context":Reason: NEWLY_SUPPORTED_DATATYPE. cV=8PZvYUsZFwctTvnnjkfuRX}
{"logTime": "0913/124425", "correlationVector":"8PZvYUsZFwctTvnnjkfuRX.1","action":"SyncServerConnectionManagerRequest", "result":"SYNC_SERVER_OK", "context":{"environment":"Prod_southeastasia_prod-s01-065-apac-southeastasia", "migrationStage":"NotStarted", "server":"akswtt102000005"}}
{"logTime": "0913/124425", "correlationVector":"8PZvYUsZFwctTvnnjkfuRX.2","action":"ProcessGetUpdates", "result":"Done", "context":{"dataType":"Passwords", "deleted":"2", "process_failed_to_decrypt":"0", "process_pending_decryption":"0", "process_success":"219", "total":"219"}}
{"logTime": "0913/124425", "correlationVector":"8PZvYUsZFwctTvnnjkfuRX.3","action":"GetUpdates Response", "result":"Success", "context":Received 219 update(s). cV=8PZvYUsZFwctTvnnjkfuRX.0;server=akswtt102000005;cloudType=Consumer;environment=Prod_southeastasia_prod-s01-065-apac-southeastasia;migrationStage=NotStarted}
{"logTime": "0913/124425", "correlationVector":"CY0xvLaW1mz6S1yb6GiO/p","action":"Normal GetUpdate request", "result":"", "context":cV=CY0xvLaW1mz6S1yb6GiO/p
Nudged types: Sessions, History
Refresh requested types: Bookmarks, Preferences, Passwords, Autofill Profiles, Autofill, Extensions, Sessions, Extension settings, History Delete Directives, Device Info, User Consents, Send Tab To Self, Web Apps, History, Saved Tab Group, WebAuthn Credentials, Collection, Edge E Drop, Edge Hub App Usage, Edge Wallet, Encryption Keys}
{"logTime": "0913/124425", "correlationVector":"CY0xvLaW1mz6S1yb6GiO/p.1","action":"SyncServerConnectionManagerRequest", "result":"SYNC_SERVER_OK", "context":{"environment":"Prod_southeastasia_prod-s01-065-apac-southeastasia", "migrationStage":"NotStarted", "server":"akswtt102000007"}}
{"logTime": "0913/124425", "correlationVector":"CY0xvLaW1mz6S1yb6GiO/p.2","action":"ProcessGetUpdates", "result":"Done", "context":{"dataType":"Preferences", "deleted":"0", "process_failed_to_decrypt":"0", "process_pending_decryption":"0", "process_success":"1", "total":"1"}}
{"logTime": "0913/124425", "correlationVector":"CY0xvLaW1mz6S1yb6GiO/p.3","action":"GetUpdates Response", "result":"Success", "context":Received 1 update(s). cV=CY0xvLaW1mz6S1yb6GiO/p.0;server=akswtt102000007;cloudType=Consumer;environment=Prod_southeastasia_prod-s01-065-apac-southeastasia;migrationStage=NotStarted}
{"logTime": "0913/124425", "correlationVector":"ktsKh8z5BIZrC+1yVgac5k","action":"Commit Request", "result":"", "context":Item count: 4
Contributing types: Sessions, History}
{"logTime": "0913/124427", "correlationVector":"ktsKh8z5BIZrC+1yVgac5k.1","action":"SyncServerConnectionManagerRequest", "result":"SYNC_SERVER_OK", "context":{"environment":"Prod_southeastasia_prod-s01-065-apac-southeastasia", "migrationStage":"NotStarted", "server":"akswtt10200000e"}}
{"logTime": "0913/124427", "correlationVector":"ktsKh8z5BIZrC+1yVgac5k.2","action":"Commit Response", "result":"Success", "context":Result: Success. cV=ktsKh8z5BIZrC+1yVgac5k.0;server=akswtt10200000e;cloudType=Consumer;environment=Prod_southeastasia_prod-s01-065-apac-southeastasia;migrationStage=NotStarted}
{"logTime": "0913/124427", "correlationVector":"0haTwMBkBPdFqc8sEfntmk","action":"Commit Request", "result":"", "context":Item count: 4
Contributing types: Preferences, Passwords}
{"logTime": "0913/124427", "correlationVector":"0haTwMBkBPdFqc8sEfntmk.1","action":"SyncServerConnectionManagerRequest", "result":"SYNC_SERVER_OK", "context":{"environment":"Prod_southeastasia_prod-s01-065-apac-southeastasia", "migrationStage":"NotStarted", "server":"akswtt10200000s"}}
{"logTime": "0913/124427", "correlationVector":"0haTwMBkBPdFqc8sEfntmk.2","action":"Commit Response", "result":"Success", "context":Result: Success. cV=0haTwMBkBPdFqc8sEfntmk.0;server=akswtt10200000s;cloudType=Consumer;environment=Prod_southeastasia_prod-s01-065-apac-southeastasia;migrationStage=NotStarted}
