2025-09-13 12:35:34.322: [INFO][Sync] Reset engine, reason: 8
2025-09-13 12:35:34.322: [INFO][Sync] Stopped: Bookmarks
2025-09-13 12:35:34.322: [INFO][Sync] Stopped: Preferences
2025-09-13 12:35:34.322: [INFO][Sync] Stopped: Passwords
2025-09-13 12:35:34.322: [INFO][Sync] Stopped: Autofill Profiles
2025-09-13 12:35:34.323: [INFO][Sync] Stopped: Autofill
2025-09-13 12:35:34.323: [INFO][Sync] Stopped: Extensions
2025-09-13 12:35:34.323: [INFO][Sync] Stopped: Sessions
2025-09-13 12:35:34.323: [INFO][Sync] Stopped: Extension settings
2025-09-13 12:35:34.323: [INFO][Sync] Stopped: History Delete Directives
2025-09-13 12:35:34.323: [INFO][Sync] Stopped: Device Info
2025-09-13 12:35:34.323: [INFO][Sync] Stopped: User Consents
2025-09-13 12:35:34.323: [INFO][Sync] Stopped: Send Tab To Self
2025-09-13 12:35:34.323: [INFO][Sync] Stopped: Web Apps
2025-09-13 12:35:34.323: [INFO][Sync] Stopped: History
2025-09-13 12:35:34.323: [INFO][Sync] Stopped: Saved Tab Group
2025-09-13 12:35:34.323: [INFO][Sync] Stopped: WebAuthn Credentials
2025-09-13 12:35:34.323: [INFO][Sync] Stopped: Collection
2025-09-13 12:35:34.323: [INFO][Sync] Stopped: Edge E Drop
2025-09-13 12:35:34.323: [INFO][Sync] Stopped: Edge Hub App Usage
2025-09-13 12:35:34.323: [INFO][Sync] Stopped: Edge Wallet
2025-09-13 12:35:34.323: [INFO][Sync] SyncState after authenticated was: NotSignedIn
2025-09-13 12:35:34.572: [INFO][Sync] Reset engine, reason: 8
2025-09-13 12:35:34.572: [INFO][Sync] Stopped: Bookmarks
2025-09-13 12:35:34.572: [INFO][Sync] Stopped: Preferences
2025-09-13 12:35:34.572: [INFO][Sync] Stopped: Passwords
2025-09-13 12:35:34.572: [INFO][Sync] Stopped: Autofill Profiles
2025-09-13 12:35:34.572: [INFO][Sync] Stopped: Autofill
2025-09-13 12:35:34.572: [INFO][Sync] Stopped: Extensions
2025-09-13 12:35:34.572: [INFO][Sync] Stopped: Sessions
2025-09-13 12:35:34.572: [INFO][Sync] Stopped: Extension settings
2025-09-13 12:35:34.572: [INFO][Sync] Stopped: History Delete Directives
2025-09-13 12:35:34.572: [INFO][Sync] Stopped: Device Info
2025-09-13 12:35:34.572: [INFO][Sync] Stopped: User Consents
2025-09-13 12:35:34.572: [INFO][Sync] Stopped: Send Tab To Self
2025-09-13 12:35:34.572: [INFO][Sync] Stopped: Web Apps
2025-09-13 12:35:34.572: [INFO][Sync] Stopped: History
2025-09-13 12:35:34.572: [INFO][Sync] Stopped: Saved Tab Group
2025-09-13 12:35:34.572: [INFO][Sync] Stopped: WebAuthn Credentials
2025-09-13 12:35:34.572: [INFO][Sync] Stopped: Collection
2025-09-13 12:35:34.572: [INFO][Sync] Stopped: Edge E Drop
2025-09-13 12:35:34.572: [INFO][Sync] Stopped: Edge Hub App Usage
2025-09-13 12:35:34.572: [INFO][Sync] Stopped: Edge Wallet
2025-09-13 12:35:34.875: [INFO][Sync] Try to start sync engine
2025-09-13 12:35:34.883: [INFO][SyncManagerImpl::NudgeForInitialDownload] Initial download nudge for Encryption Keys
2025-09-13 12:35:34.883: [INFO][SyncEngineBackend::LoadAndConnectNigoriController] Load and connect Nigori controller
2025-09-13 12:35:34.883: [INFO][SyncEngineBackend::DoInitialize] Control Types added: Encryption Keys
2025-09-13 12:35:34.883: [INFO][SyncManagerImpl::ConfigureSyncer] Types to download: Encryption Keys with reason: 3
2025-09-13 12:35:34.883: [INFO][SyncSchedulerImpl::DoConfigurationSyncCycleJob] Configure job was blocked
2025-09-13 12:35:35.018: [INFO][SyncAuthManager::SetLastAuthError] Current auth error: None
2025-09-13 12:35:35.018: [INFO][SyncAuthManager::EdgeLogTokenErrorState] Token error with: None for account type: MSA
2025-09-13 12:35:35.018: [INFO][Sync] Credentials changed for: EdgeSyncScopeNew
2025-09-13 12:35:36.336: [INFO][SyncAuthManager::SetLastAuthError] Current auth error: None
2025-09-13 12:35:36.336: [INFO][SyncAuthManager::EdgeLogTokenErrorState] Token error with: None for account type: MSA
2025-09-13 12:35:36.336: [INFO][Sync] Credentials changed for: EdgeSyncKeyDataScope
2025-09-13 12:35:36.337: [INFO][SyncEngineBackend::DoUpdateKeyDataCredentials] Update key data credentials
2025-09-13 12:35:36.337: [INFO][SyncEngineBackend::DoUpdateCredentials] Update credentials
2025-09-13 12:35:36.337: [INFO][SyncSchedulerImpl::DoConfigurationSyncCycleJob] Blocked types:  and types to download: Encryption Keys
2025-09-13 12:35:36.603: [INFO][Sync] Started DataTypeManager configuration, reason: 4
2025-09-13 12:35:36.603: [INFO][Sync] Configuring for: Bookmarks, Preferences, Passwords, Autofill Profiles, Autofill, Extensions, Sessions, Extension settings, History Delete Directives, Device Info, User Consents, Send Tab To Self, Web Apps, History, Saved Tab Group, WebAuthn Credentials, Collection, Edge E Drop, Edge Hub App Usage, Edge Wallet, Encryption Keys, reason: 3, current state: 0
2025-09-13 12:35:36.603: [WARN][Sync] Crypto error data types: Passwords, Autofill Profiles, Autofill
2025-09-13 12:35:36.606: [INFO][Sync] Configure, desired: Bookmarks, Preferences, Extensions, Sessions, Extension settings, History Delete Directives, Device Info, User Consents, Send Tab To Self, Web Apps, History, Saved Tab Group, WebAuthn Credentials, Collection, Edge E Drop, Edge Hub App Usage, Edge Wallet, Encryption Keys; Allow fail: Passwords, Autofill Profiles, Autofill
2025-09-13 12:35:36.606: [INFO][Sync] Loading: Bookmarks
2025-09-13 12:35:36.606: [INFO][Sync] Loading: Preferences
2025-09-13 12:35:36.606: [INFO][Sync] Loading: Extensions
2025-09-13 12:35:36.606: [INFO][Sync] Loading: Sessions
2025-09-13 12:35:36.607: [INFO][Sync] Loading: Extension settings
2025-09-13 12:35:36.607: [INFO][Sync] Loading: History Delete Directives
2025-09-13 12:35:36.607: [INFO][Sync] Loading: Device Info
2025-09-13 12:35:36.607: [INFO][Sync] Loading: User Consents
2025-09-13 12:35:36.607: [INFO][Sync] Loading: Send Tab To Self
2025-09-13 12:35:36.607: [INFO][Sync] Loading: Web Apps
2025-09-13 12:35:36.607: [INFO][Sync] Loading: History
2025-09-13 12:35:36.607: [INFO][Sync] Loading: Saved Tab Group
2025-09-13 12:35:36.607: [INFO][Sync] Loading: WebAuthn Credentials
2025-09-13 12:35:36.607: [INFO][Sync] Loading: Collection
2025-09-13 12:35:36.607: [INFO][Sync] Loading: Edge E Drop
2025-09-13 12:35:36.607: [INFO][Sync] Loading: Edge Hub App Usage
2025-09-13 12:35:36.607: [INFO][Sync] Loading: Edge Wallet
2025-09-13 12:35:36.624: [INFO][Sync] All data types are ready for configure.
2025-09-13 12:35:37.212: [INFO][Sync] Started DataTypeManager configuration, reason: 5
2025-09-13 12:35:37.212: [INFO][Sync] Configuring for: Bookmarks, Preferences, Passwords, Autofill Profiles, Autofill, Extensions, Sessions, Extension settings, History Delete Directives, Device Info, User Consents, Send Tab To Self, Web Apps, History, Saved Tab Group, WebAuthn Credentials, Collection, Edge E Drop, Edge Hub App Usage, Edge Wallet, Encryption Keys, reason: 5, current state: 1
2025-09-13 12:35:37.221: [INFO][SyncEngineBackend::DoStartConfiguration] Start configuration
2025-09-13 12:35:37.221: [INFO][SyncManagerImpl::NudgeForInitialDownload] Initial download nudge for Bookmarks
2025-09-13 12:35:37.221: [INFO][SyncManagerImpl::NudgeForInitialDownload] Initial download nudge for Preferences
2025-09-13 12:35:37.221: [INFO][SyncManagerImpl::NudgeForInitialDownload] Initial download nudge for Extensions
2025-09-13 12:35:37.221: [INFO][SyncManagerImpl::NudgeForInitialDownload] Initial download nudge for Sessions
2025-09-13 12:35:37.221: [INFO][SyncManagerImpl::NudgeForInitialDownload] Initial download nudge for Extension settings
2025-09-13 12:35:37.221: [INFO][SyncManagerImpl::NudgeForInitialDownload] Initial download nudge for History Delete Directives
2025-09-13 12:35:37.221: [INFO][SyncManagerImpl::NudgeForInitialDownload] Initial download nudge for Device Info
2025-09-13 12:35:37.221: [INFO][SyncManagerImpl::NudgeForInitialDownload] Initial download nudge for Send Tab To Self
2025-09-13 12:35:37.221: [INFO][SyncManagerImpl::NudgeForInitialDownload] Initial download nudge for Web Apps
2025-09-13 12:35:37.221: [INFO][SyncManagerImpl::NudgeForInitialDownload] Initial download nudge for History
2025-09-13 12:35:37.221: [INFO][SyncManagerImpl::NudgeForInitialDownload] Initial download nudge for Saved Tab Group
2025-09-13 12:35:37.221: [INFO][SyncManagerImpl::NudgeForInitialDownload] Initial download nudge for WebAuthn Credentials
2025-09-13 12:35:37.221: [INFO][SyncManagerImpl::NudgeForInitialDownload] Initial download nudge for Collection
2025-09-13 12:35:37.221: [INFO][SyncManagerImpl::NudgeForInitialDownload] Initial download nudge for Edge E Drop
2025-09-13 12:35:37.221: [INFO][SyncManagerImpl::NudgeForInitialDownload] Initial download nudge for Edge Hub App Usage
2025-09-13 12:35:37.221: [INFO][SyncManagerImpl::NudgeForInitialDownload] Initial download nudge for Edge Wallet
2025-09-13 12:35:37.221: [INFO][SyncManagerImpl::ConfigureSyncer] Types to download:  with reason: 3
2025-09-13 12:35:37.221: [INFO][SyncEngineBackend::DoFinishConfigureDataTypes] Failed to download types:  and succeeded types: 
2025-09-13 12:35:37.227: [INFO][Sync] ConfigurationDone, failed: , succeeded: , remaining count: 4
2025-09-13 12:35:37.227: [WARN][Sync]     Reconfigure requested while configuration ongoing.
2025-09-13 12:35:37.227: [INFO][Sync] Configuring for: Bookmarks, Preferences, Passwords, Autofill Profiles, Autofill, Extensions, Sessions, Extension settings, History Delete Directives, Device Info, User Consents, Send Tab To Self, Web Apps, History, Saved Tab Group, WebAuthn Credentials, Collection, Edge E Drop, Edge Hub App Usage, Edge Wallet, Encryption Keys, reason: 5, current state: 2
2025-09-13 12:35:37.227: [INFO][Sync] Configure, desired: Bookmarks, Preferences, Passwords, Autofill Profiles, Autofill, Extensions, Sessions, Extension settings, History Delete Directives, Device Info, User Consents, Send Tab To Self, Web Apps, History, Saved Tab Group, WebAuthn Credentials, Collection, Edge E Drop, Edge Hub App Usage, Edge Wallet, Encryption Keys; Allow fail: 
2025-09-13 12:35:37.227: [INFO][Sync] Loading: Passwords
2025-09-13 12:35:37.227: [INFO][Sync] Loading: Autofill Profiles
2025-09-13 12:35:37.227: [INFO][Sync] Loading: Autofill
2025-09-13 12:35:37.228: [INFO][Sync] All data types are ready for configure.
2025-09-13 12:35:37.228: [INFO][SyncManagerImpl::NudgeForInitialDownload] Initial download nudge for Passwords
2025-09-13 12:35:37.228: [INFO][SyncManagerImpl::NudgeForInitialDownload] Initial download nudge for Autofill Profiles
2025-09-13 12:35:37.228: [INFO][SyncManagerImpl::NudgeForInitialDownload] Initial download nudge for Autofill
2025-09-13 12:35:37.228: [INFO][SyncManagerImpl::ConfigureSyncer] Types to download:  with reason: 5
2025-09-13 12:35:37.228: [INFO][SyncEngineBackend::DoFinishConfigureDataTypes] Failed to download types:  and succeeded types: 
2025-09-13 12:35:37.228: [INFO][Sync] ConfigurationDone, failed: , succeeded: , remaining count: 4
2025-09-13 12:35:37.228: [INFO][Sync] Prepare to configure types: Preferences, Passwords, Device Info, Send Tab To Self, Edge E Drop, Encryption Keys
2025-09-13 12:35:37.228: [INFO][SyncManagerImpl::ConfigureSyncer] Types to download: Preferences, Passwords, Device Info, Send Tab To Self, Edge E Drop, Encryption Keys with reason: 5
2025-09-13 12:35:37.228: [INFO][SyncSchedulerImpl::DoConfigurationSyncCycleJob] Blocked types:  and types to download: Preferences, Passwords, Device Info, Send Tab To Self, Edge E Drop, Encryption Keys
2025-09-13 12:35:38.078: [INFO][SyncEngineBackend::DoFinishConfigureDataTypes] Failed to download types:  and succeeded types: Preferences, Passwords, Device Info, Send Tab To Self, Edge E Drop, Encryption Keys
2025-09-13 12:35:38.099: [INFO][Sync] ConfigurationDone, failed: , succeeded: Preferences, Passwords, Device Info, Send Tab To Self, Edge E Drop, Encryption Keys, remaining count: 3
2025-09-13 12:35:38.099: [INFO][Sync] Prepare to configure types: Bookmarks, Encryption Keys
2025-09-13 12:35:38.099: [INFO][SyncManagerImpl::ConfigureSyncer] Types to download: Bookmarks, Encryption Keys with reason: 5
2025-09-13 12:35:38.099: [INFO][SyncSchedulerImpl::DoConfigurationSyncCycleJob] Blocked types:  and types to download: Bookmarks, Encryption Keys
2025-09-13 12:35:38.352: [INFO][SyncEngineBackend::DoFinishConfigureDataTypes] Failed to download types:  and succeeded types: Bookmarks, Encryption Keys
2025-09-13 12:35:38.363: [INFO][Sync] ConfigurationDone, failed: , succeeded: Bookmarks, Encryption Keys, remaining count: 2
2025-09-13 12:35:38.363: [INFO][Sync] Prepare to configure types: Autofill Profiles, Autofill, Extensions, Sessions, Extension settings, History Delete Directives, Web Apps, Saved Tab Group, WebAuthn Credentials, Collection, Edge Hub App Usage, Edge Wallet, Encryption Keys
2025-09-13 12:35:38.363: [INFO][SyncManagerImpl::ConfigureSyncer] Types to download: Autofill Profiles, Autofill, Extensions, Sessions, Extension settings, History Delete Directives, Web Apps, Saved Tab Group, WebAuthn Credentials, Collection, Edge Hub App Usage, Edge Wallet, Encryption Keys with reason: 5
2025-09-13 12:35:38.363: [INFO][SyncSchedulerImpl::DoConfigurationSyncCycleJob] Blocked types:  and types to download: Autofill Profiles, Autofill, Extensions, Sessions, Extension settings, History Delete Directives, Web Apps, Saved Tab Group, WebAuthn Credentials, Collection, Edge Hub App Usage, Edge Wallet, Encryption Keys
2025-09-13 12:35:39.757: [INFO][SyncEngineBackend::DoFinishConfigureDataTypes] Failed to download types:  and succeeded types: Autofill Profiles, Autofill, Extensions, Sessions, Extension settings, History Delete Directives, Web Apps, Saved Tab Group, WebAuthn Credentials, Collection, Edge Hub App Usage, Edge Wallet, Encryption Keys
2025-09-13 12:35:39.766: [INFO][Sync] ConfigurationDone, failed: , succeeded: Autofill Profiles, Autofill, Extensions, Sessions, Extension settings, History Delete Directives, Web Apps, Saved Tab Group, WebAuthn Credentials, Collection, Edge Hub App Usage, Edge Wallet, Encryption Keys, remaining count: 1
2025-09-13 12:35:39.768: [INFO][Sync] Prepare to configure types: History, Encryption Keys
2025-09-13 12:35:39.768: [INFO][SyncManagerImpl::ConfigureSyncer] Types to download: History, Encryption Keys with reason: 5
2025-09-13 12:35:39.768: [INFO][SyncSchedulerImpl::DoConfigurationSyncCycleJob] Blocked types:  and types to download: History, Encryption Keys
2025-09-13 12:35:40.963: [INFO][SyncEngineBackend::DoFinishConfigureDataTypes] Failed to download types:  and succeeded types: History, Encryption Keys
2025-09-13 12:35:40.967: [INFO][Sync] ConfigurationDone, failed: , succeeded: History, Encryption Keys, remaining count: 0
2025-09-13 12:35:40.971: [INFO][Sync]     Configuration completed, state: 7
2025-09-13 12:35:40.971: [INFO][Sync] Configured DataTypeManager: Ok
2025-09-13 12:35:40.978: [INFO][SyncEngineBackend::DoStartSyncing] Start syncing
2025-09-13 12:36:57.085: [INFO][Sync] Reset engine, reason: 0
2025-09-13 12:36:57.085: [INFO][Sync] Reset engine with reason: 0
2025-09-13 12:40:32.276: [INFO][Sync] SyncState after authenticated was: FeatureCanStart
2025-09-13 12:40:33.564: [INFO][SyncAuthManager::SetLastAuthError] Current auth error: None
2025-09-13 12:40:33.564: [INFO][SyncAuthManager::EdgeLogTokenErrorState] Token error with: None for account type: MSA
2025-09-13 12:40:33.564: [INFO][Sync] Credentials changed for: EdgeSyncKeyDataScope
2025-09-13 12:40:38.979: [INFO][Sync] Try to start sync engine
2025-09-13 12:40:38.982: [INFO][SyncManagerImpl::NudgeForInitialDownload] Initial download nudge for Encryption Keys
2025-09-13 12:40:38.982: [INFO][SyncEngineBackend::LoadAndConnectNigoriController] Load and connect Nigori controller
2025-09-13 12:40:38.982: [INFO][SyncEngineBackend::DoInitialize] Control Types added: Encryption Keys
2025-09-13 12:40:38.982: [INFO][SyncManagerImpl::ConfigureSyncer] Types to download: Encryption Keys with reason: 3
2025-09-13 12:40:38.982: [INFO][SyncEngineBackend::DoUpdateKeyDataCredentials] Update key data credentials
2025-09-13 12:40:38.982: [INFO][SyncSchedulerImpl::DoConfigurationSyncCycleJob] Configure job was blocked
2025-09-13 12:40:39.015: [INFO][SyncAuthManager::SetLastAuthError] Current auth error: None
2025-09-13 12:40:39.015: [INFO][SyncAuthManager::EdgeLogTokenErrorState] Token error with: None for account type: MSA
2025-09-13 12:40:39.015: [INFO][Sync] Credentials changed for: EdgeSyncScopeNew
2025-09-13 12:40:39.015: [INFO][SyncEngineBackend::DoUpdateCredentials] Update credentials
2025-09-13 12:40:39.015: [INFO][SyncEngineBackend::DoUpdateKeyDataCredentials] Update key data credentials
2025-09-13 12:40:39.015: [INFO][SyncSchedulerImpl::DoConfigurationSyncCycleJob] Blocked types:  and types to download: Encryption Keys
2025-09-13 12:40:39.230: [INFO][Sync] Started DataTypeManager configuration, reason: 4
2025-09-13 12:40:39.230: [INFO][Sync] Configuring for: Bookmarks, Preferences, Passwords, Autofill Profiles, Autofill, Extensions, Sessions, Extension settings, History Delete Directives, Device Info, User Consents, Send Tab To Self, Web Apps, History, Saved Tab Group, WebAuthn Credentials, Collection, Edge E Drop, Edge Hub App Usage, Edge Wallet, Encryption Keys, reason: 4, current state: 0
2025-09-13 12:40:39.230: [WARN][Sync] Crypto error data types: Passwords, Autofill Profiles, Autofill
2025-09-13 12:40:39.234: [INFO][Sync] Configure, desired: Bookmarks, Preferences, Extensions, Sessions, Extension settings, History Delete Directives, Device Info, User Consents, Send Tab To Self, Web Apps, History, Saved Tab Group, WebAuthn Credentials, Collection, Edge E Drop, Edge Hub App Usage, Edge Wallet, Encryption Keys; Allow fail: Passwords, Autofill Profiles, Autofill
2025-09-13 12:40:39.234: [INFO][Sync] Loading: Bookmarks
2025-09-13 12:40:39.234: [INFO][Sync] Loading: Preferences
2025-09-13 12:40:39.234: [INFO][Sync] Loading: Extensions
2025-09-13 12:40:39.234: [INFO][Sync] Loading: Sessions
2025-09-13 12:40:39.234: [INFO][Sync] Loading: Extension settings
2025-09-13 12:40:39.234: [INFO][Sync] Loading: History Delete Directives
2025-09-13 12:40:39.234: [INFO][Sync] Loading: Device Info
2025-09-13 12:40:39.234: [INFO][Sync] Loading: User Consents
2025-09-13 12:40:39.234: [INFO][Sync] Loading: Send Tab To Self
2025-09-13 12:40:39.234: [INFO][Sync] Loading: Web Apps
2025-09-13 12:40:39.234: [INFO][Sync] Loading: History
2025-09-13 12:40:39.234: [INFO][Sync] Loading: Saved Tab Group
2025-09-13 12:40:39.234: [INFO][Sync] Loading: WebAuthn Credentials
2025-09-13 12:40:39.234: [INFO][Sync] Loading: Collection
2025-09-13 12:40:39.234: [INFO][Sync] Loading: Edge E Drop
2025-09-13 12:40:39.234: [INFO][Sync] Loading: Edge Hub App Usage
2025-09-13 12:40:39.234: [INFO][Sync] Loading: Edge Wallet
2025-09-13 12:40:39.242: [INFO][Sync] All data types are ready for configure.
2025-09-13 12:40:39.703: [INFO][Sync] Started DataTypeManager configuration, reason: 5
2025-09-13 12:40:39.704: [INFO][Sync] Configuring for: Bookmarks, Preferences, Passwords, Autofill Profiles, Autofill, Extensions, Sessions, Extension settings, History Delete Directives, Device Info, User Consents, Send Tab To Self, Web Apps, History, Saved Tab Group, WebAuthn Credentials, Collection, Edge E Drop, Edge Hub App Usage, Edge Wallet, Encryption Keys, reason: 5, current state: 1
2025-09-13 12:40:39.707: [INFO][SyncEngineBackend::DoStartConfiguration] Start configuration
2025-09-13 12:40:39.707: [INFO][SyncManagerImpl::ConfigureSyncer] Types to download:  with reason: 4
2025-09-13 12:40:39.707: [INFO][SyncEngineBackend::DoFinishConfigureDataTypes] Failed to download types:  and succeeded types: 
2025-09-13 12:40:39.708: [INFO][Sync] ConfigurationDone, failed: , succeeded: , remaining count: 4
2025-09-13 12:40:39.708: [WARN][Sync]     Reconfigure requested while configuration ongoing.
2025-09-13 12:40:39.708: [INFO][Sync] Configuring for: Bookmarks, Preferences, Passwords, Autofill Profiles, Autofill, Extensions, Sessions, Extension settings, History Delete Directives, Device Info, User Consents, Send Tab To Self, Web Apps, History, Saved Tab Group, WebAuthn Credentials, Collection, Edge E Drop, Edge Hub App Usage, Edge Wallet, Encryption Keys, reason: 5, current state: 2
2025-09-13 12:40:39.708: [INFO][Sync] Configure, desired: Bookmarks, Preferences, Passwords, Autofill Profiles, Autofill, Extensions, Sessions, Extension settings, History Delete Directives, Device Info, User Consents, Send Tab To Self, Web Apps, History, Saved Tab Group, WebAuthn Credentials, Collection, Edge E Drop, Edge Hub App Usage, Edge Wallet, Encryption Keys; Allow fail: 
2025-09-13 12:40:39.708: [INFO][Sync] Loading: Passwords
2025-09-13 12:40:39.708: [INFO][Sync] Loading: Autofill Profiles
2025-09-13 12:40:39.708: [INFO][Sync] Loading: Autofill
2025-09-13 12:40:39.708: [INFO][Sync] All data types are ready for configure.
2025-09-13 12:40:39.708: [INFO][SyncManagerImpl::NudgeForInitialDownload] Initial download nudge for Passwords
2025-09-13 12:40:39.708: [INFO][SyncManagerImpl::ConfigureSyncer] Types to download:  with reason: 5
2025-09-13 12:40:39.708: [INFO][SyncEngineBackend::DoFinishConfigureDataTypes] Failed to download types:  and succeeded types: 
2025-09-13 12:40:39.709: [INFO][Sync] ConfigurationDone, failed: , succeeded: , remaining count: 4
2025-09-13 12:40:39.709: [INFO][Sync] Prepare to configure types: Passwords, Encryption Keys
2025-09-13 12:40:39.709: [INFO][SyncManagerImpl::ConfigureSyncer] Types to download: Passwords, Encryption Keys with reason: 5
2025-09-13 12:40:39.709: [INFO][SyncSchedulerImpl::DoConfigurationSyncCycleJob] Blocked types:  and types to download: Passwords, Encryption Keys
2025-09-13 12:40:40.034: [INFO][SyncEngineBackend::DoFinishConfigureDataTypes] Failed to download types:  and succeeded types: Passwords, Encryption Keys
2025-09-13 12:40:40.038: [INFO][Sync] ConfigurationDone, failed: , succeeded: Passwords, Encryption Keys, remaining count: 3
2025-09-13 12:40:40.038: [INFO][SyncManagerImpl::ConfigureSyncer] Types to download:  with reason: 5
2025-09-13 12:40:40.038: [INFO][SyncEngineBackend::DoFinishConfigureDataTypes] Failed to download types:  and succeeded types: 
2025-09-13 12:40:40.038: [INFO][Sync] ConfigurationDone, failed: , succeeded: , remaining count: 2
2025-09-13 12:40:40.038: [INFO][SyncManagerImpl::ConfigureSyncer] Types to download:  with reason: 5
2025-09-13 12:40:40.038: [INFO][SyncEngineBackend::DoFinishConfigureDataTypes] Failed to download types:  and succeeded types: 
2025-09-13 12:40:40.043: [INFO][Sync] ConfigurationDone, failed: , succeeded: , remaining count: 1
2025-09-13 12:40:40.046: [INFO][SyncManagerImpl::ConfigureSyncer] Types to download:  with reason: 5
2025-09-13 12:40:40.046: [INFO][SyncEngineBackend::DoFinishConfigureDataTypes] Failed to download types:  and succeeded types: 
2025-09-13 12:40:40.047: [INFO][Sync] ConfigurationDone, failed: , succeeded: , remaining count: 0
2025-09-13 12:40:40.052: [INFO][Sync]     Configuration completed, state: 7
2025-09-13 12:40:40.053: [INFO][Sync] Configured DataTypeManager: Ok
2025-09-13 12:40:40.058: [INFO][SyncEngineBackend::DoStartSyncing] Start syncing
2025-09-13 12:40:57.789: [INFO][Sync] Reset engine, reason: 0
2025-09-13 12:40:57.789: [INFO][Sync] Reset engine with reason: 0
2025-09-13 12:44:18.482: [INFO][Sync] SyncState after authenticated was: FeatureCanStart
2025-09-13 12:44:20.035: [INFO][SyncAuthManager::SetLastAuthError] Current auth error: None
2025-09-13 12:44:20.035: [INFO][SyncAuthManager::EdgeLogTokenErrorState] Token error with: None for account type: MSA
2025-09-13 12:44:20.035: [INFO][Sync] Credentials changed for: EdgeSyncKeyDataScope
2025-09-13 12:44:24.016: [INFO][Sync] Try to start sync engine
2025-09-13 12:44:24.025: [INFO][SyncManagerImpl::NudgeForInitialDownload] Initial download nudge for Encryption Keys
2025-09-13 12:44:24.025: [INFO][SyncEngineBackend::LoadAndConnectNigoriController] Load and connect Nigori controller
2025-09-13 12:44:24.025: [INFO][SyncEngineBackend::DoInitialize] Control Types added: Encryption Keys
2025-09-13 12:44:24.025: [INFO][SyncManagerImpl::ConfigureSyncer] Types to download: Encryption Keys with reason: 3
2025-09-13 12:44:24.025: [INFO][SyncEngineBackend::DoUpdateKeyDataCredentials] Update key data credentials
2025-09-13 12:44:24.025: [INFO][SyncSchedulerImpl::DoConfigurationSyncCycleJob] Configure job was blocked
2025-09-13 12:44:24.049: [INFO][SyncAuthManager::SetLastAuthError] Current auth error: None
2025-09-13 12:44:24.050: [INFO][SyncAuthManager::EdgeLogTokenErrorState] Token error with: None for account type: MSA
2025-09-13 12:44:24.050: [INFO][Sync] Credentials changed for: EdgeSyncScopeNew
2025-09-13 12:44:24.050: [INFO][SyncEngineBackend::DoUpdateCredentials] Update credentials
2025-09-13 12:44:24.050: [INFO][SyncEngineBackend::DoUpdateKeyDataCredentials] Update key data credentials
2025-09-13 12:44:24.050: [INFO][SyncSchedulerImpl::DoConfigurationSyncCycleJob] Blocked types:  and types to download: Encryption Keys
2025-09-13 12:44:24.535: [INFO][Sync] Started DataTypeManager configuration, reason: 4
2025-09-13 12:44:24.535: [INFO][Sync] Configuring for: Bookmarks, Preferences, Passwords, Autofill Profiles, Autofill, Extensions, Sessions, Extension settings, History Delete Directives, Device Info, User Consents, Send Tab To Self, Web Apps, History, Saved Tab Group, WebAuthn Credentials, Collection, Edge E Drop, Edge Hub App Usage, Edge Wallet, Encryption Keys, reason: 4, current state: 0
2025-09-13 12:44:24.535: [WARN][Sync] Crypto error data types: Passwords, Autofill Profiles, Autofill
2025-09-13 12:44:24.539: [INFO][Sync] Configure, desired: Bookmarks, Preferences, Extensions, Sessions, Extension settings, History Delete Directives, Device Info, User Consents, Send Tab To Self, Web Apps, History, Saved Tab Group, WebAuthn Credentials, Collection, Edge E Drop, Edge Hub App Usage, Edge Wallet, Encryption Keys; Allow fail: Passwords, Autofill Profiles, Autofill
2025-09-13 12:44:24.539: [INFO][Sync] Loading: Bookmarks
2025-09-13 12:44:24.539: [INFO][Sync] Loading: Preferences
2025-09-13 12:44:24.539: [INFO][Sync] Loading: Extensions
2025-09-13 12:44:24.540: [INFO][Sync] Loading: Sessions
2025-09-13 12:44:24.540: [INFO][Sync] Loading: Extension settings
2025-09-13 12:44:24.540: [INFO][Sync] Loading: History Delete Directives
2025-09-13 12:44:24.541: [INFO][Sync] Loading: Device Info
2025-09-13 12:44:24.541: [INFO][Sync] Loading: User Consents
2025-09-13 12:44:24.541: [INFO][Sync] Loading: Send Tab To Self
2025-09-13 12:44:24.541: [INFO][Sync] Loading: Web Apps
2025-09-13 12:44:24.541: [INFO][Sync] Loading: History
2025-09-13 12:44:24.541: [INFO][Sync] Loading: Saved Tab Group
2025-09-13 12:44:24.541: [INFO][Sync] Loading: WebAuthn Credentials
2025-09-13 12:44:24.541: [INFO][Sync] Loading: Collection
2025-09-13 12:44:24.541: [INFO][Sync] Loading: Edge E Drop
2025-09-13 12:44:24.541: [INFO][Sync] Loading: Edge Hub App Usage
2025-09-13 12:44:24.541: [INFO][Sync] Loading: Edge Wallet
2025-09-13 12:44:24.558: [INFO][Sync] All data types are ready for configure.
2025-09-13 12:44:24.989: [INFO][Sync] Started DataTypeManager configuration, reason: 5
2025-09-13 12:44:24.989: [INFO][Sync] Configuring for: Bookmarks, Preferences, Passwords, Autofill Profiles, Autofill, Extensions, Sessions, Extension settings, History Delete Directives, Device Info, User Consents, Send Tab To Self, Web Apps, History, Saved Tab Group, WebAuthn Credentials, Collection, Edge E Drop, Edge Hub App Usage, Edge Wallet, Encryption Keys, reason: 5, current state: 1
2025-09-13 12:44:24.995: [INFO][SyncEngineBackend::DoStartConfiguration] Start configuration
2025-09-13 12:44:24.995: [INFO][SyncManagerImpl::ConfigureSyncer] Types to download:  with reason: 4
2025-09-13 12:44:24.995: [INFO][SyncEngineBackend::DoFinishConfigureDataTypes] Failed to download types:  and succeeded types: 
2025-09-13 12:44:24.996: [INFO][Sync] ConfigurationDone, failed: , succeeded: , remaining count: 4
2025-09-13 12:44:24.996: [WARN][Sync]     Reconfigure requested while configuration ongoing.
2025-09-13 12:44:24.996: [INFO][Sync] Configuring for: Bookmarks, Preferences, Passwords, Autofill Profiles, Autofill, Extensions, Sessions, Extension settings, History Delete Directives, Device Info, User Consents, Send Tab To Self, Web Apps, History, Saved Tab Group, WebAuthn Credentials, Collection, Edge E Drop, Edge Hub App Usage, Edge Wallet, Encryption Keys, reason: 5, current state: 2
2025-09-13 12:44:24.996: [INFO][Sync] Configure, desired: Bookmarks, Preferences, Passwords, Autofill Profiles, Autofill, Extensions, Sessions, Extension settings, History Delete Directives, Device Info, User Consents, Send Tab To Self, Web Apps, History, Saved Tab Group, WebAuthn Credentials, Collection, Edge E Drop, Edge Hub App Usage, Edge Wallet, Encryption Keys; Allow fail: 
2025-09-13 12:44:24.996: [INFO][Sync] Loading: Passwords
2025-09-13 12:44:24.996: [INFO][Sync] Loading: Autofill Profiles
2025-09-13 12:44:24.996: [INFO][Sync] Loading: Autofill
2025-09-13 12:44:24.997: [INFO][Sync] All data types are ready for configure.
2025-09-13 12:44:24.997: [INFO][SyncManagerImpl::NudgeForInitialDownload] Initial download nudge for Passwords
2025-09-13 12:44:24.997: [INFO][SyncManagerImpl::ConfigureSyncer] Types to download:  with reason: 5
2025-09-13 12:44:24.997: [INFO][SyncEngineBackend::DoFinishConfigureDataTypes] Failed to download types:  and succeeded types: 
2025-09-13 12:44:24.997: [INFO][Sync] ConfigurationDone, failed: , succeeded: , remaining count: 4
2025-09-13 12:44:24.997: [INFO][Sync] Prepare to configure types: Passwords, Encryption Keys
2025-09-13 12:44:24.997: [INFO][SyncManagerImpl::ConfigureSyncer] Types to download: Passwords, Encryption Keys with reason: 5
2025-09-13 12:44:24.997: [INFO][SyncSchedulerImpl::DoConfigurationSyncCycleJob] Blocked types:  and types to download: Passwords, Encryption Keys
2025-09-13 12:44:25.327: [INFO][SyncEngineBackend::DoFinishConfigureDataTypes] Failed to download types:  and succeeded types: Passwords, Encryption Keys
2025-09-13 12:44:25.331: [INFO][Sync] ConfigurationDone, failed: , succeeded: Passwords, Encryption Keys, remaining count: 3
2025-09-13 12:44:25.331: [INFO][SyncManagerImpl::ConfigureSyncer] Types to download:  with reason: 5
2025-09-13 12:44:25.332: [INFO][SyncEngineBackend::DoFinishConfigureDataTypes] Failed to download types:  and succeeded types: 
2025-09-13 12:44:25.332: [INFO][Sync] ConfigurationDone, failed: , succeeded: , remaining count: 2
2025-09-13 12:44:25.333: [INFO][SyncManagerImpl::ConfigureSyncer] Types to download:  with reason: 5
2025-09-13 12:44:25.333: [INFO][SyncEngineBackend::DoFinishConfigureDataTypes] Failed to download types:  and succeeded types: 
2025-09-13 12:44:25.337: [INFO][Sync] ConfigurationDone, failed: , succeeded: , remaining count: 1
2025-09-13 12:44:25.343: [INFO][SyncManagerImpl::ConfigureSyncer] Types to download:  with reason: 5
2025-09-13 12:44:25.343: [INFO][SyncEngineBackend::DoFinishConfigureDataTypes] Failed to download types:  and succeeded types: 
2025-09-13 12:44:25.351: [INFO][Sync] ConfigurationDone, failed: , succeeded: , remaining count: 0
2025-09-13 12:44:25.355: [INFO][Sync]     Configuration completed, state: 7
2025-09-13 12:44:25.356: [INFO][Sync] Configured DataTypeManager: Ok
2025-09-13 12:44:25.360: [INFO][SyncEngineBackend::DoStartSyncing] Start syncing
2025-09-13 12:45:12.414: [INFO][Sync] Reset engine, reason: 0
2025-09-13 12:45:12.414: [INFO][Sync] Reset engine with reason: 0
